

declare
 l_asset_hdr_rec FA_API_TYPES.asset_hdr_rec_type;
 l_return_status VARCHAR2(1);
 l_mesg_count number := 0;
 l_mesg_len number;
 l_mesg varchar2(4000);
 v_book varchar2(15);
 v_asset_id number;
 --
 CURSOR c_asset IS
 select book_type_code, asset_id
 from zxh_BAD_ASSETS;
 --
 BEGIN
 dbms_output.enable(1000000);
 FA_SRVR_MSG.Init_Server_Message;
 OPEN c_asset;
 LOOP
 FETCH c_asset
 INTO v_book, v_asset_id;
 EXIT WHEN c_asset%NOTFOUND;
 --
 dbms_output.put_line('Processing Asset: '||v_asset_id);
 --
 -- asset header info
 l_asset_hdr_rec.asset_id := v_asset_id;
 l_asset_hdr_rec.book_type_code := v_book;
 FA_DELETION_PUB.do_delete
 (p_api_version => 1.0,
 p_init_msg_list => FND_API.G_FALSE,
 p_commit => FND_API.G_FALSE,
 p_validation_level => FND_API.G_VALID_LEVEL_FULL,
 x_return_status => l_return_status,
 x_msg_count => l_mesg_count,
 x_msg_data => l_mesg,
 p_calling_fn => null,
 px_asset_hdr_rec => l_asset_hdr_rec
 );
 l_mesg_count := fnd_msg_pub.count_msg;
 if l_mesg_count > 0 then
 l_mesg := chr(10) || substr(fnd_msg_pub.get
 (fnd_msg_pub.G_FIRST,
 fnd_api.G_FALSE),
 1, 250);
 dbms_output.put_line(l_mesg);
 for i in 1..(l_mesg_count - 1) loop
 l_mesg :=
 substr(fnd_msg_pub.get
 (fnd_msg_pub.G_NEXT,
 fnd_api.G_FALSE), 1, 250);
 dbms_output.put_line(l_mesg);
 end loop;
 fnd_msg_pub.delete_msg();
 end if;
 if (l_return_status <> FND_API.G_RET_STS_SUCCESS) then
 dbms_output.put_line('FAILURE');
 else
 dbms_output.put_line('SUCCESS');
 dbms_output.put_line('ASSET_ID' ||
 to_char(l_asset_hdr_rec.asset_id));
 dbms_output.put_line('BOOK: ' || l_asset_hdr_rec.book_type_code);
 end if;
 END LOOP; -- c_asset.
 CLOSE c_asset;

 end;

spool off;

ORA-06550: line 69, column 1:
PLS-00103: Encountered the symbol "SPOOL"

Connected to Oracle Database 11g Enterprise Edition Release 11.2.0.4.0 
Connected as apps


Processing Asset: 100002041
SUCCESS
ASSET_ID100002041
BOOK: FA_A001_CORP
Processing Asset: 100002045
SUCCESS
ASSET_ID100002045
BOOK: FA_A001_CORP
Processing Asset: 100002056
SUCCESS
ASSET_ID100002056
BOOK: FA_A001_CORP
Processing Asset: 100002064
SUCCESS
ASSET_ID100002064
BOOK: FA_A001_CORP
Processing Asset: 100002070
SUCCESS
ASSET_ID100002070
BOOK: FA_A001_CORP
Processing Asset: 100002076
SUCCESS
ASSET_ID100002076
BOOK: FA_A001_CORP
Processing Asset: 100002080
SUCCESS
ASSET_ID100002080
BOOK: FA_A001_CORP
Processing Asset: 100002084
SUCCESS
ASSET_ID100002084
BOOK: FA_A001_CORP
Processing Asset: 100002085
SUCCESS
ASSET_ID100002085
BOOK: FA_A001_CORP
Processing Asset: 100002088
SUCCESS
ASSET_ID100002088
BOOK: FA_A001_CORP
Processing Asset: 100002101
SUCCESS
ASSET_ID100002101
BOOK: FA_A001_CORP
Processing Asset: 100002109
SUCCESS
ASSET_ID100002109
BOOK: FA_A001_CORP
Processing Asset: 100002114
SUCCESS
ASSET_ID100002114
BOOK: FA_A001_CORP
Processing Asset: 100002119
SUCCESS
ASSET_ID100002119
BOOK: FA_A001_CORP
Processing Asset: 100002125
SUCCESS
ASSET_ID100002125
BOOK: FA_A001_CORP
Processing Asset: 100002130
SUCCESS
ASSET_ID100002130
BOOK: FA_A001_CORP
Processing Asset: 100002150
SUCCESS
ASSET_ID100002150
BOOK: FA_A001_CORP
Processing Asset: 100002159
SUCCESS
ASSET_ID100002159
BOOK: FA_A001_CORP
Processing Asset: 100002163
SUCCESS
ASSET_ID100002163
BOOK: FA_A001_CORP
Processing Asset: 100002167
SUCCESS
ASSET_ID100002167
BOOK: FA_A001_CORP
Processing Asset: 100002212
SUCCESS
ASSET_ID100002212
BOOK: FA_A001_CORP
Processing Asset: 100002218
SUCCESS
ASSET_ID100002218
BOOK: FA_A001_CORP
Processing Asset: 100002225
SUCCESS
ASSET_ID100002225
BOOK: FA_A001_CORP
Processing Asset: 100002240
SUCCESS
ASSET_ID100002240
BOOK: FA_A001_CORP
Processing Asset: 100002242
SUCCESS
ASSET_ID100002242
BOOK: FA_A001_CORP
Processing Asset: 100002243
SUCCESS
ASSET_ID100002243
BOOK: FA_A001_CORP
Processing Asset: 100002251
SUCCESS
ASSET_ID100002251
BOOK: FA_A001_CORP
Processing Asset: 100002280
SUCCESS
ASSET_ID100002280
BOOK: FA_A001_CORP
Processing Asset: 100002281
SUCCESS
ASSET_ID100002281
BOOK: FA_A001_CORP
Processing Asset: 100002282
SUCCESS
ASSET_ID100002282
BOOK: FA_A001_CORP
Processing Asset: 100002291
SUCCESS
ASSET_ID100002291
BOOK: FA_A001_CORP
Processing Asset: 100002292
SUCCESS
ASSET_ID100002292
BOOK: FA_A001_CORP
Processing Asset: 100002302
SUCCESS
ASSET_ID100002302
BOOK: FA_A001_CORP
Processing Asset: 100002310
SUCCESS
ASSET_ID100002310
BOOK: FA_A001_CORP
Processing Asset: 100002315
SUCCESS
ASSET_ID100002315
BOOK: FA_A001_CORP
Processing Asset: 100002317
SUCCESS
ASSET_ID100002317
BOOK: FA_A001_CORP
Processing Asset: 100002322
SUCCESS
ASSET_ID100002322
BOOK: FA_A001_CORP
Processing Asset: 100002330
SUCCESS
ASSET_ID100002330
BOOK: FA_A001_CORP
Processing Asset: 100002334
SUCCESS
ASSET_ID100002334
BOOK: FA_A001_CORP
Processing Asset: 100002337
SUCCESS
ASSET_ID100002337
BOOK: FA_A001_CORP
Processing Asset: 100002343
SUCCESS
ASSET_ID100002343
BOOK: FA_A001_CORP
Processing Asset: 100002346
SUCCESS
ASSET_ID100002346
BOOK: FA_A001_CORP
Processing Asset: 100002350
SUCCESS
ASSET_ID100002350
BOOK: FA_A001_CORP
Processing Asset: 100002367
SUCCESS
ASSET_ID100002367
BOOK: FA_A001_CORP
Processing Asset: 100002373
SUCCESS
ASSET_ID100002373
BOOK: FA_A001_CORP
Processing Asset: 100002383
SUCCESS
ASSET_ID100002383
BOOK: FA_A001_CORP
Processing Asset: 100002413
SUCCESS
ASSET_ID100002413
BOOK: FA_A001_CORP
Processing Asset: 100002421
SUCCESS
ASSET_ID100002421
BOOK: FA_A001_CORP
Processing Asset: 100002423
SUCCESS
ASSET_ID100002423
BOOK: FA_A001_CORP
Processing Asset: 100002435
SUCCESS
ASSET_ID100002435
BOOK: FA_A001_CORP
Processing Asset: 100002440
SUCCESS
ASSET_ID100002440
BOOK: FA_A001_CORP
Processing Asset: 100002445
SUCCESS
ASSET_ID100002445
BOOK: FA_A001_CORP
Processing Asset: 100002447
SUCCESS
ASSET_ID100002447
BOOK: FA_A001_CORP
Processing Asset: 100002463
SUCCESS
ASSET_ID100002463
BOOK: FA_A001_CORP
Processing Asset: 100002468
SUCCESS
ASSET_ID100002468
BOOK: FA_A001_CORP
Processing Asset: 100002476
SUCCESS
ASSET_ID100002476
BOOK: FA_A001_CORP
Processing Asset: 100002491
SUCCESS
ASSET_ID100002491
BOOK: FA_A001_CORP
Processing Asset: 100002492
SUCCESS
ASSET_ID100002492
BOOK: FA_A001_CORP
Processing Asset: 100002498
SUCCESS
ASSET_ID100002498
BOOK: FA_A001_CORP
Processing Asset: 100002510
SUCCESS
ASSET_ID100002510
BOOK: FA_A001_CORP
Processing Asset: 100002517
SUCCESS
ASSET_ID100002517
BOOK: FA_A001_CORP
Processing Asset: 100002523
SUCCESS
ASSET_ID100002523
BOOK: FA_A001_CORP
Processing Asset: 100002524
SUCCESS
ASSET_ID100002524
BOOK: FA_A001_CORP
Processing Asset: 100002534
SUCCESS
ASSET_ID100002534
BOOK: FA_A001_CORP
Processing Asset: 100002536
SUCCESS
ASSET_ID100002536
BOOK: FA_A001_CORP
Processing Asset: 100002552
SUCCESS
ASSET_ID100002552
BOOK: FA_A001_CORP
Processing Asset: 100002570
SUCCESS
ASSET_ID100002570
BOOK: FA_A001_CORP
Processing Asset: 100002576
SUCCESS
ASSET_ID100002576
BOOK: FA_A001_CORP
Processing Asset: 100002578
SUCCESS
ASSET_ID100002578
BOOK: FA_A001_CORP
Processing Asset: 100002579
SUCCESS
ASSET_ID100002579
BOOK: FA_A001_CORP
Processing Asset: 100002585
SUCCESS
ASSET_ID100002585
BOOK: FA_A001_CORP
Processing Asset: 100002605
SUCCESS
ASSET_ID100002605
BOOK: FA_A001_CORP
Processing Asset: 100002612
SUCCESS
ASSET_ID100002612
BOOK: FA_A001_CORP
Processing Asset: 100002630
SUCCESS
ASSET_ID100002630
BOOK: FA_A001_CORP
Processing Asset: 100002639
SUCCESS
ASSET_ID100002639
BOOK: FA_A001_CORP
Processing Asset: 100002644
SUCCESS
ASSET_ID100002644
BOOK: FA_A001_CORP
Processing Asset: 100002651
SUCCESS
ASSET_ID100002651
BOOK: FA_A001_CORP
Processing Asset: 100002668
SUCCESS
ASSET_ID100002668
BOOK: FA_A001_CORP
Processing Asset: 100002670
SUCCESS
ASSET_ID100002670
BOOK: FA_A001_CORP
Processing Asset: 100002675
SUCCESS
ASSET_ID100002675
BOOK: FA_A001_CORP
Processing Asset: 100002677
SUCCESS
ASSET_ID100002677
BOOK: FA_A001_CORP
Processing Asset: 100002681
SUCCESS
ASSET_ID100002681
BOOK: FA_A001_CORP
Processing Asset: 100002705
SUCCESS
ASSET_ID100002705
BOOK: FA_A001_CORP
Processing Asset: 100002707
SUCCESS
ASSET_ID100002707
BOOK: FA_A001_CORP
Processing Asset: 100002715
SUCCESS
ASSET_ID100002715
BOOK: FA_A001_CORP
Processing Asset: 100002738
SUCCESS
ASSET_ID100002738
BOOK: FA_A001_CORP
Processing Asset: 100002739
SUCCESS
ASSET_ID100002739
BOOK: FA_A001_CORP
Processing Asset: 100002740
SUCCESS
ASSET_ID100002740
BOOK: FA_A001_CORP
Processing Asset: 100002743
SUCCESS
ASSET_ID100002743
BOOK: FA_A001_CORP
Processing Asset: 100002746
SUCCESS
ASSET_ID100002746
BOOK: FA_A001_CORP
Processing Asset: 100002777
SUCCESS
ASSET_ID100002777
BOOK: FA_A001_CORP
Processing Asset: 100002791
SUCCESS
ASSET_ID100002791
BOOK: FA_A001_CORP
Processing Asset: 100002792
SUCCESS
ASSET_ID100002792
BOOK: FA_A001_CORP
Processing Asset: 100002813
SUCCESS
ASSET_ID100002813
BOOK: FA_A001_CORP
Processing Asset: 100002820
SUCCESS
ASSET_ID100002820
BOOK: FA_A001_CORP
Processing Asset: 100002821
SUCCESS
ASSET_ID100002821
BOOK: FA_A001_CORP
Processing Asset: 100002827
SUCCESS
ASSET_ID100002827
BOOK: FA_A001_CORP
Processing Asset: 100002849
SUCCESS
ASSET_ID100002849
BOOK: FA_A001_CORP
Processing Asset: 100002850
SUCCESS
ASSET_ID100002850
BOOK: FA_A001_CORP
Processing Asset: 100002856
SUCCESS
ASSET_ID100002856
BOOK: FA_A001_CORP
Processing Asset: 100002864
SUCCESS
ASSET_ID100002864
BOOK: FA_A001_CORP
Processing Asset: 100002868
SUCCESS
ASSET_ID100002868
BOOK: FA_A001_CORP
Processing Asset: 100002873
SUCCESS
ASSET_ID100002873
BOOK: FA_A001_CORP
Processing Asset: 100002885
SUCCESS
ASSET_ID100002885
BOOK: FA_A001_CORP
Processing Asset: 100002887
SUCCESS
ASSET_ID100002887
BOOK: FA_A001_CORP
Processing Asset: 100002893
SUCCESS
ASSET_ID100002893
BOOK: FA_A001_CORP
Processing Asset: 100002905
SUCCESS
ASSET_ID100002905
BOOK: FA_A001_CORP
Processing Asset: 100002911
SUCCESS
ASSET_ID100002911
BOOK: FA_A001_CORP
Processing Asset: 100002916
SUCCESS
ASSET_ID100002916
BOOK: FA_A001_CORP
Processing Asset: 100002919
SUCCESS
ASSET_ID100002919
BOOK: FA_A001_CORP
Processing Asset: 100002920
SUCCESS
ASSET_ID100002920
BOOK: FA_A001_CORP
Processing Asset: 100002930
SUCCESS
ASSET_ID100002930
BOOK: FA_A001_CORP
Processing Asset: 100002950
SUCCESS
ASSET_ID100002950
BOOK: FA_A001_CORP
Processing Asset: 100002961
SUCCESS
ASSET_ID100002961
BOOK: FA_A001_CORP
Processing Asset: 100002966
SUCCESS
ASSET_ID100002966
BOOK: FA_A001_CORP
Processing Asset: 100002969
SUCCESS
ASSET_ID100002969
BOOK: FA_A001_CORP
Processing Asset: 100002971
SUCCESS
ASSET_ID100002971
BOOK: FA_A001_CORP
Processing Asset: 100002973
SUCCESS
ASSET_ID100002973
BOOK: FA_A001_CORP
Processing Asset: 100002990
SUCCESS
ASSET_ID100002990
BOOK: FA_A001_CORP
Processing Asset: 100002993
SUCCESS
ASSET_ID100002993
BOOK: FA_A001_CORP
Processing Asset: 100002996
SUCCESS
ASSET_ID100002996
BOOK: FA_A001_CORP
Processing Asset: 100003000
SUCCESS
ASSET_ID100003000
BOOK: FA_A001_CORP
Processing Asset: 100003005
SUCCESS
ASSET_ID100003005
BOOK: FA_A001_CORP
Processing Asset: 100002057
SUCCESS
ASSET_ID100002057
BOOK: FA_A001_CORP
Processing Asset: 100002059
SUCCESS
ASSET_ID100002059
BOOK: FA_A001_CORP
Processing Asset: 100002063
SUCCESS
ASSET_ID100002063
BOOK: FA_A001_CORP
Processing Asset: 100002072
SUCCESS
ASSET_ID100002072
BOOK: FA_A001_CORP
Processing Asset: 100002074
SUCCESS
ASSET_ID100002074
BOOK: FA_A001_CORP
Processing Asset: 100002097
SUCCESS
ASSET_ID100002097
BOOK: FA_A001_CORP
Processing Asset: 100002098
SUCCESS
ASSET_ID100002098
BOOK: FA_A001_CORP
Processing Asset: 100002102
SUCCESS
ASSET_ID100002102
BOOK: FA_A001_CORP
Processing Asset: 100002103
SUCCESS
ASSET_ID100002103
BOOK: FA_A001_CORP
Processing Asset: 100002106
SUCCESS
ASSET_ID100002106
BOOK: FA_A001_CORP
Processing Asset: 100002111
SUCCESS
ASSET_ID100002111
BOOK: FA_A001_CORP
Processing Asset: 100002127
SUCCESS
ASSET_ID100002127
BOOK: FA_A001_CORP
Processing Asset: 100002133
SUCCESS
ASSET_ID100002133
BOOK: FA_A001_CORP
Processing Asset: 100002135
SUCCESS
ASSET_ID100002135
BOOK: FA_A001_CORP
Processing Asset: 100002140
SUCCESS
ASSET_ID100002140
BOOK: FA_A001_CORP
Processing Asset: 100002142
SUCCESS
ASSET_ID100002142
BOOK: FA_A001_CORP
Processing Asset: 100002147
SUCCESS
ASSET_ID100002147
BOOK: FA_A001_CORP
Processing Asset: 100002154
SUCCESS
ASSET_ID100002154
BOOK: FA_A001_CORP
Processing Asset: 100002158
SUCCESS
ASSET_ID100002158
BOOK: FA_A001_CORP
Processing Asset: 100002168
SUCCESS
ASSET_ID100002168
BOOK: FA_A001_CORP
Processing Asset: 100002170
SUCCESS
ASSET_ID100002170
BOOK: FA_A001_CORP
Processing Asset: 100002171
SUCCESS
ASSET_ID100002171
BOOK: FA_A001_CORP
Processing Asset: 100002194
SUCCESS
ASSET_ID100002194
BOOK: FA_A001_CORP
Processing Asset: 100002210
SUCCESS
ASSET_ID100002210
BOOK: FA_A001_CORP
Processing Asset: 100002239
SUCCESS
ASSET_ID100002239
BOOK: FA_A001_CORP
Processing Asset: 100002256
SUCCESS
ASSET_ID100002256
BOOK: FA_A001_CORP
Processing Asset: 100002260
SUCCESS
ASSET_ID100002260
BOOK: FA_A001_CORP
Processing Asset: 100002263
SUCCESS
ASSET_ID100002263
BOOK: FA_A001_CORP
Processing Asset: 100002269
SUCCESS
ASSET_ID100002269
BOOK: FA_A001_CORP
Processing Asset: 100002289
SUCCESS
ASSET_ID100002289
BOOK: FA_A001_CORP
Processing Asset: 100002301
SUCCESS
ASSET_ID100002301
BOOK: FA_A001_CORP
Processing Asset: 100002304
SUCCESS
ASSET_ID100002304
BOOK: FA_A001_CORP
Processing Asset: 100002307
SUCCESS
ASSET_ID100002307
BOOK: FA_A001_CORP
Processing Asset: 100002323
SUCCESS
ASSET_ID100002323
BOOK: FA_A001_CORP
Processing Asset: 100002328
SUCCESS
ASSET_ID100002328
BOOK: FA_A001_CORP
Processing Asset: 100002365
SUCCESS
ASSET_ID100002365
BOOK: FA_A001_CORP
Processing Asset: 100002369
SUCCESS
ASSET_ID100002369
BOOK: FA_A001_CORP
Processing Asset: 100002375
SUCCESS
ASSET_ID100002375
BOOK: FA_A001_CORP
Processing Asset: 100002376
SUCCESS
ASSET_ID100002376
BOOK: FA_A001_CORP
Processing Asset: 100002408
SUCCESS
ASSET_ID100002408
BOOK: FA_A001_CORP
Processing Asset: 100002430
SUCCESS
ASSET_ID100002430
BOOK: FA_A001_CORP
Processing Asset: 100002433
SUCCESS
ASSET_ID100002433
BOOK: FA_A001_CORP
Processing Asset: 100002439
SUCCESS
ASSET_ID100002439
BOOK: FA_A001_CORP
Processing Asset: 100002442
SUCCESS
ASSET_ID100002442
BOOK: FA_A001_CORP
Processing Asset: 100002451
SUCCESS
ASSET_ID100002451
BOOK: FA_A001_CORP
Processing Asset: 100002462
SUCCESS
ASSET_ID100002462
BOOK: FA_A001_CORP
Processing Asset: 100002464
SUCCESS
ASSET_ID100002464
BOOK: FA_A001_CORP
Processing Asset: 100002469
SUCCESS
ASSET_ID100002469
BOOK: FA_A001_CORP
Processing Asset: 100002477
SUCCESS
ASSET_ID100002477
BOOK: FA_A001_CORP
Processing Asset: 100002481
SUCCESS
ASSET_ID100002481
BOOK: FA_A001_CORP
Processing Asset: 100002482
SUCCESS
ASSET_ID100002482
BOOK: FA_A001_CORP
Processing Asset: 100002506
SUCCESS
ASSET_ID100002506
BOOK: FA_A001_CORP
Processing Asset: 100002512
SUCCESS
ASSET_ID100002512
BOOK: FA_A001_CORP
Processing Asset: 100002518
SUCCESS
ASSET_ID100002518
BOOK: FA_A001_CORP
Processing Asset: 100002555
SUCCESS
ASSET_ID100002555
BOOK: FA_A001_CORP
Processing Asset: 100002558
SUCCESS
ASSET_ID100002558
BOOK: FA_A001_CORP
Processing Asset: 100002569
SUCCESS
ASSET_ID100002569
BOOK: FA_A001_CORP
Processing Asset: 100002572
SUCCESS
ASSET_ID100002572
BOOK: FA_A001_CORP
Processing Asset: 100002574
SUCCESS
ASSET_ID100002574
BOOK: FA_A001_CORP
Processing Asset: 100002577
SUCCESS
ASSET_ID100002577
BOOK: FA_A001_CORP
Processing Asset: 100002599
SUCCESS
ASSET_ID100002599
BOOK: FA_A001_CORP
Processing Asset: 100002603
SUCCESS
ASSET_ID100002603
BOOK: FA_A001_CORP
Processing Asset: 100002604
SUCCESS
ASSET_ID100002604
BOOK: FA_A001_CORP
Processing Asset: 100002606
SUCCESS
ASSET_ID100002606
BOOK: FA_A001_CORP
Processing Asset: 100002611
SUCCESS
ASSET_ID100002611
BOOK: FA_A001_CORP
Processing Asset: 100002617
SUCCESS
ASSET_ID100002617
BOOK: FA_A001_CORP
Processing Asset: 100002621
SUCCESS
ASSET_ID100002621
BOOK: FA_A001_CORP
Processing Asset: 100002631
SUCCESS
ASSET_ID100002631
BOOK: FA_A001_CORP
Processing Asset: 100002641
SUCCESS
ASSET_ID100002641
BOOK: FA_A001_CORP
Processing Asset: 100002645
SUCCESS
ASSET_ID100002645
BOOK: FA_A001_CORP
Processing Asset: 100002654
SUCCESS
ASSET_ID100002654
BOOK: FA_A001_CORP
Processing Asset: 100002657
SUCCESS
ASSET_ID100002657
BOOK: FA_A001_CORP
Processing Asset: 100002660
SUCCESS
ASSET_ID100002660
BOOK: FA_A001_CORP
Processing Asset: 100002669
SUCCESS
ASSET_ID100002669
BOOK: FA_A001_CORP
Processing Asset: 100002671
SUCCESS
ASSET_ID100002671
BOOK: FA_A001_CORP
Processing Asset: 100002674
SUCCESS
ASSET_ID100002674
BOOK: FA_A001_CORP
Processing Asset: 100002685
SUCCESS
ASSET_ID100002685
BOOK: FA_A001_CORP
Processing Asset: 100002706
SUCCESS
ASSET_ID100002706
BOOK: FA_A001_CORP
Processing Asset: 100002710
SUCCESS
ASSET_ID100002710
BOOK: FA_A001_CORP
Processing Asset: 100002714
SUCCESS
ASSET_ID100002714
BOOK: FA_A001_CORP
Processing Asset: 100002723
SUCCESS
ASSET_ID100002723
BOOK: FA_A001_CORP
Processing Asset: 100002734
SUCCESS
ASSET_ID100002734
BOOK: FA_A001_CORP
Processing Asset: 100002737
SUCCESS
ASSET_ID100002737
BOOK: FA_A001_CORP
Processing Asset: 100002747
SUCCESS
ASSET_ID100002747
BOOK: FA_A001_CORP
Processing Asset: 100002753
SUCCESS
ASSET_ID100002753
BOOK: FA_A001_CORP
Processing Asset: 100002776
SUCCESS
ASSET_ID100002776
BOOK: FA_A001_CORP
Processing Asset: 100002789
SUCCESS
ASSET_ID100002789
BOOK: FA_A001_CORP
Processing Asset: 100002793
SUCCESS
ASSET_ID100002793
BOOK: FA_A001_CORP
Processing Asset: 100002798
SUCCESS
ASSET_ID100002798
BOOK: FA_A001_CORP
Processing Asset: 100002808
SUCCESS
ASSET_ID100002808
BOOK: FA_A001_CORP
Processing Asset: 100002814
SUCCESS
ASSET_ID100002814
BOOK: FA_A001_CORP
Processing Asset: 100002818
SUCCESS
ASSET_ID100002818
BOOK: FA_A001_CORP
Processing Asset: 100002819
SUCCESS
ASSET_ID100002819
BOOK: FA_A001_CORP
Processing Asset: 100002840
SUCCESS
ASSET_ID100002840
BOOK: FA_A001_CORP
Processing Asset: 100002846
SUCCESS
ASSET_ID100002846
BOOK: FA_A001_CORP
Processing Asset: 100002858
SUCCESS
ASSET_ID100002858
BOOK: FA_A001_CORP
Processing Asset: 100002860
SUCCESS
ASSET_ID100002860
BOOK: FA_A001_CORP
Processing Asset: 100002876
SUCCESS
ASSET_ID100002876
BOOK: FA_A001_CORP
Processing Asset: 100002883
SUCCESS
ASSET_ID100002883
BOOK: FA_A001_CORP
Processing Asset: 100002889
SUCCESS
ASSET_ID100002889
BOOK: FA_A001_CORP
Processing Asset: 100002892
SUCCESS
ASSET_ID100002892
BOOK: FA_A001_CORP
Processing Asset: 100002903
SUCCESS
ASSET_ID100002903
BOOK: FA_A001_CORP
Processing Asset: 100002904
SUCCESS
ASSET_ID100002904
BOOK: FA_A001_CORP
Processing Asset: 100002909
SUCCESS
ASSET_ID100002909
BOOK: FA_A001_CORP
Processing Asset: 100002923
SUCCESS
ASSET_ID100002923
BOOK: FA_A001_CORP
Processing Asset: 100002934
SUCCESS
ASSET_ID100002934
BOOK: FA_A001_CORP
Processing Asset: 100002935
SUCCESS
ASSET_ID100002935
BOOK: FA_A001_CORP
Processing Asset: 100002940
SUCCESS
ASSET_ID100002940
BOOK: FA_A001_CORP
Processing Asset: 100002947
SUCCESS
ASSET_ID100002947
BOOK: FA_A001_CORP
Processing Asset: 100002948
SUCCESS
ASSET_ID100002948
BOOK: FA_A001_CORP
Processing Asset: 100002967
SUCCESS
ASSET_ID100002967
BOOK: FA_A001_CORP
Processing Asset: 100002972
SUCCESS
ASSET_ID100002972
BOOK: FA_A001_CORP
Processing Asset: 100002043
SUCCESS
ASSET_ID100002043
BOOK: FA_A001_CORP
Processing Asset: 100002047
SUCCESS
ASSET_ID100002047
BOOK: FA_A001_CORP
Processing Asset: 100002051
SUCCESS
ASSET_ID100002051
BOOK: FA_A001_CORP
Processing Asset: 100002065
SUCCESS
ASSET_ID100002065
BOOK: FA_A001_CORP
Processing Asset: 100002069
SUCCESS
ASSET_ID100002069
BOOK: FA_A001_CORP
Processing Asset: 100002073
SUCCESS
ASSET_ID100002073
BOOK: FA_A001_CORP
Processing Asset: 100002077
SUCCESS
ASSET_ID100002077
BOOK: FA_A001_CORP
Processing Asset: 100002078
SUCCESS
ASSET_ID100002078
BOOK: FA_A001_CORP
Processing Asset: 100002082
SUCCESS
ASSET_ID100002082
BOOK: FA_A001_CORP
Processing Asset: 100002087
SUCCESS
ASSET_ID100002087
BOOK: FA_A001_CORP
Processing Asset: 100002100
SUCCESS
ASSET_ID100002100
BOOK: FA_A001_CORP
Processing Asset: 100002115
SUCCESS
ASSET_ID100002115
BOOK: FA_A001_CORP
Processing Asset: 100002118
SUCCESS
ASSET_ID100002118
BOOK: FA_A001_CORP
Processing Asset: 100002122
SUCCESS
ASSET_ID100002122
BOOK: FA_A001_CORP
Processing Asset: 100002180
SUCCESS
ASSET_ID100002180
BOOK: FA_A001_CORP
Processing Asset: 100002181
SUCCESS
ASSET_ID100002181
BOOK: FA_A001_CORP
Processing Asset: 100002184
SUCCESS
ASSET_ID100002184
BOOK: FA_A001_CORP
Processing Asset: 100002190
SUCCESS
ASSET_ID100002190
BOOK: FA_A001_CORP
Processing Asset: 100002193
SUCCESS
ASSET_ID100002193
BOOK: FA_A001_CORP
Processing Asset: 100002199
SUCCESS
ASSET_ID100002199
BOOK: FA_A001_CORP
Processing Asset: 100002208
SUCCESS
ASSET_ID100002208
BOOK: FA_A001_CORP
Processing Asset: 100002219
SUCCESS
ASSET_ID100002219
BOOK: FA_A001_CORP
Processing Asset: 100002222
SUCCESS
ASSET_ID100002222
BOOK: FA_A001_CORP
Processing Asset: 100002231
SUCCESS
ASSET_ID100002231
BOOK: FA_A001_CORP
Processing Asset: 100002241
SUCCESS
ASSET_ID100002241
BOOK: FA_A001_CORP
Processing Asset: 100002279
SUCCESS
ASSET_ID100002279
BOOK: FA_A001_CORP
Processing Asset: 100002284
SUCCESS
ASSET_ID100002284
BOOK: FA_A001_CORP
Processing Asset: 100002299
SUCCESS
ASSET_ID100002299
BOOK: FA_A001_CORP
Processing Asset: 100002300
SUCCESS
ASSET_ID100002300
BOOK: FA_A001_CORP
Processing Asset: 100002314
SUCCESS
ASSET_ID100002314
BOOK: FA_A001_CORP
Processing Asset: 100002318
SUCCESS
ASSET_ID100002318
BOOK: FA_A001_CORP
Processing Asset: 100002319
SUCCESS
ASSET_ID100002319
BOOK: FA_A001_CORP
Processing Asset: 100002320
SUCCESS
ASSET_ID100002320
BOOK: FA_A001_CORP
Processing Asset: 100002321
SUCCESS
ASSET_ID100002321
BOOK: FA_A001_CORP
Processing Asset: 100002331
SUCCESS
ASSET_ID100002331
BOOK: FA_A001_CORP
Processing Asset: 100002357
SUCCESS
ASSET_ID100002357
BOOK: FA_A001_CORP
Processing Asset: 100002363
SUCCESS
ASSET_ID100002363
BOOK: FA_A001_CORP
Processing Asset: 100002379
SUCCESS
ASSET_ID100002379
BOOK: FA_A001_CORP
Processing Asset: 100002380
SUCCESS
ASSET_ID100002380
BOOK: FA_A001_CORP
Processing Asset: 100002384
SUCCESS
ASSET_ID100002384
BOOK: FA_A001_CORP
Processing Asset: 100002386
SUCCESS
ASSET_ID100002386
BOOK: FA_A001_CORP
Processing Asset: 100002389
SUCCESS
ASSET_ID100002389
BOOK: FA_A001_CORP
Processing Asset: 100002391
SUCCESS
ASSET_ID100002391
BOOK: FA_A001_CORP
Processing Asset: 100002402
SUCCESS
ASSET_ID100002402
BOOK: FA_A001_CORP
Processing Asset: 100002428
SUCCESS
ASSET_ID100002428
BOOK: FA_A001_CORP
Processing Asset: 100002431
SUCCESS
ASSET_ID100002431
BOOK: FA_A001_CORP
Processing Asset: 100002432
SUCCESS
ASSET_ID100002432
BOOK: FA_A001_CORP
Processing Asset: 100002437
SUCCESS
ASSET_ID100002437
BOOK: FA_A001_CORP
Processing Asset: 100002446
SUCCESS
ASSET_ID100002446
BOOK: FA_A001_CORP
Processing Asset: 100002454
SUCCESS
ASSET_ID100002454
BOOK: FA_A001_CORP
Processing Asset: 100002457
SUCCESS
ASSET_ID100002457
BOOK: FA_A001_CORP
Processing Asset: 100002459
SUCCESS
ASSET_ID100002459
BOOK: FA_A001_CORP
Processing Asset: 100002486
SUCCESS
ASSET_ID100002486
BOOK: FA_A001_CORP
Processing Asset: 100002487
SUCCESS
ASSET_ID100002487
BOOK: FA_A001_CORP
Processing Asset: 100002509
SUCCESS
ASSET_ID100002509
BOOK: FA_A001_CORP
Processing Asset: 100002514
SUCCESS
ASSET_ID100002514
BOOK: FA_A001_CORP
Processing Asset: 100002542
SUCCESS
ASSET_ID100002542
BOOK: FA_A001_CORP
Processing Asset: 100002550
SUCCESS
ASSET_ID100002550
BOOK: FA_A001_CORP
Processing Asset: 100002551
SUCCESS
ASSET_ID100002551
BOOK: FA_A001_CORP
Processing Asset: 100002567
SUCCESS
ASSET_ID100002567
BOOK: FA_A001_CORP
Processing Asset: 100002571
SUCCESS
ASSET_ID100002571
BOOK: FA_A001_CORP
Processing Asset: 100002573
SUCCESS
ASSET_ID100002573
BOOK: FA_A001_CORP
Processing Asset: 100002575
SUCCESS
ASSET_ID100002575
BOOK: FA_A001_CORP
Processing Asset: 100002586
SUCCESS
ASSET_ID100002586
BOOK: FA_A001_CORP
Processing Asset: 100002592
SUCCESS
ASSET_ID100002592
BOOK: FA_A001_CORP
Processing Asset: 100002596
SUCCESS
ASSET_ID100002596
BOOK: FA_A001_CORP
Processing Asset: 100002610
SUCCESS
ASSET_ID100002610
BOOK: FA_A001_CORP
Processing Asset: 100002627
SUCCESS
ASSET_ID100002627
BOOK: FA_A001_CORP
Processing Asset: 100002655
SUCCESS
ASSET_ID100002655
BOOK: FA_A001_CORP
Processing Asset: 100002673
SUCCESS
ASSET_ID100002673
BOOK: FA_A001_CORP
Processing Asset: 100002676
SUCCESS
ASSET_ID100002676
BOOK: FA_A001_CORP
Processing Asset: 100002712
SUCCESS
ASSET_ID100002712
BOOK: FA_A001_CORP
Processing Asset: 100002729
SUCCESS
ASSET_ID100002729
BOOK: FA_A001_CORP
Processing Asset: 100002730
SUCCESS
ASSET_ID100002730
BOOK: FA_A001_CORP
Processing Asset: 100002732
SUCCESS
ASSET_ID100002732
BOOK: FA_A001_CORP
Processing Asset: 100002759
SUCCESS
ASSET_ID100002759
BOOK: FA_A001_CORP
Processing Asset: 100002762
SUCCESS
ASSET_ID100002762
BOOK: FA_A001_CORP
Processing Asset: 100002766
SUCCESS
ASSET_ID100002766
BOOK: FA_A001_CORP
Processing Asset: 100002774
SUCCESS
ASSET_ID100002774
BOOK: FA_A001_CORP
Processing Asset: 100002784
SUCCESS
ASSET_ID100002784
BOOK: FA_A001_CORP
Processing Asset: 100002802
SUCCESS
ASSET_ID100002802
BOOK: FA_A001_CORP
Processing Asset: 100002803
SUCCESS
ASSET_ID100002803
BOOK: FA_A001_CORP
Processing Asset: 100002810
SUCCESS
ASSET_ID100002810
BOOK: FA_A001_CORP
Processing Asset: 100002815
SUCCESS
ASSET_ID100002815
BOOK: FA_A001_CORP
Processing Asset: 100002838
SUCCESS
ASSET_ID100002838
BOOK: FA_A001_CORP
Processing Asset: 100002839
SUCCESS
ASSET_ID100002839
BOOK: FA_A001_CORP
Processing Asset: 100002845
SUCCESS
ASSET_ID100002845
BOOK: FA_A001_CORP
Processing Asset: 100002853
SUCCESS
ASSET_ID100002853
BOOK: FA_A001_CORP
Processing Asset: 100002855
SUCCESS
ASSET_ID100002855
BOOK: FA_A001_CORP
Processing Asset: 100002870
SUCCESS
ASSET_ID100002870
BOOK: FA_A001_CORP
Processing Asset: 100002872
SUCCESS
ASSET_ID100002872
BOOK: FA_A001_CORP
Processing Asset: 100002888
SUCCESS
ASSET_ID100002888
BOOK: FA_A001_CORP
Processing Asset: 100002890
SUCCESS
ASSET_ID100002890
BOOK: FA_A001_CORP
Processing Asset: 100002891
SUCCESS
ASSET_ID100002891
BOOK: FA_A001_CORP
Processing Asset: 100002894
SUCCESS
ASSET_ID100002894
BOOK: FA_A001_CORP
Processing Asset: 100002895
SUCCESS
ASSET_ID100002895
BOOK: FA_A001_CORP
Processing Asset: 100002896
SUCCESS
ASSET_ID100002896
BOOK: FA_A001_CORP
Processing Asset: 100002914
SUCCESS
ASSET_ID100002914
BOOK: FA_A001_CORP
Processing Asset: 100002928
SUCCESS
ASSET_ID100002928
BOOK: FA_A001_CORP
Processing Asset: 100002933
SUCCESS
ASSET_ID100002933
BOOK: FA_A001_CORP
Processing Asset: 100002936
SUCCESS
ASSET_ID100002936
BOOK: FA_A001_CORP
Processing Asset: 100002937
SUCCESS
ASSET_ID100002937
BOOK: FA_A001_CORP
Processing Asset: 100002958
SUCCESS
ASSET_ID100002958
BOOK: FA_A001_CORP
Processing Asset: 100002959
SUCCESS
ASSET_ID100002959
BOOK: FA_A001_CORP
Processing Asset: 100002960
SUCCESS
ASSET_ID100002960
BOOK: FA_A001_CORP
Processing Asset: 100002062
SUCCESS
ASSET_ID100002062
BOOK: FA_A001_CORP
Processing Asset: 100002075
SUCCESS
ASSET_ID100002075
BOOK: FA_A001_CORP
Processing Asset: 100002079
SUCCESS
ASSET_ID100002079
BOOK: FA_A001_CORP
Processing Asset: 100002083
SUCCESS
ASSET_ID100002083
BOOK: FA_A001_CORP
Processing Asset: 100002099
SUCCESS
ASSET_ID100002099
BOOK: FA_A001_CORP
Processing Asset: 100002129
SUCCESS
ASSET_ID100002129
BOOK: FA_A001_CORP
Processing Asset: 100002132
SUCCESS
ASSET_ID100002132
BOOK: FA_A001_CORP
Processing Asset: 100002134
SUCCESS
ASSET_ID100002134
BOOK: FA_A001_CORP
Processing Asset: 100002136
SUCCESS
ASSET_ID100002136
BOOK: FA_A001_CORP
Processing Asset: 100002144
SUCCESS
ASSET_ID100002144
BOOK: FA_A001_CORP
Processing Asset: 100002148
SUCCESS
ASSET_ID100002148
BOOK: FA_A001_CORP
Processing Asset: 100002149
SUCCESS
ASSET_ID100002149
BOOK: FA_A001_CORP
Processing Asset: 100002155
SUCCESS
ASSET_ID100002155
BOOK: FA_A001_CORP
Processing Asset: 100002157
SUCCESS
ASSET_ID100002157
BOOK: FA_A001_CORP
Processing Asset: 100002160
SUCCESS
ASSET_ID100002160
BOOK: FA_A001_CORP
Processing Asset: 100002161
SUCCESS
ASSET_ID100002161
BOOK: FA_A001_CORP
Processing Asset: 100002166
SUCCESS
ASSET_ID100002166
BOOK: FA_A001_CORP
Processing Asset: 100002174
SUCCESS
ASSET_ID100002174
BOOK: FA_A001_CORP
Processing Asset: 100002175
SUCCESS
ASSET_ID100002175
BOOK: FA_A001_CORP
Processing Asset: 100002176
SUCCESS
ASSET_ID100002176
BOOK: FA_A001_CORP
Processing Asset: 100002187
SUCCESS
ASSET_ID100002187
BOOK: FA_A001_CORP
Processing Asset: 100002205
SUCCESS
ASSET_ID100002205
BOOK: FA_A001_CORP
Processing Asset: 100002206
SUCCESS
ASSET_ID100002206
BOOK: FA_A001_CORP
Processing Asset: 100002209
SUCCESS
ASSET_ID100002209
BOOK: FA_A001_CORP
Processing Asset: 100002211
SUCCESS
ASSET_ID100002211
BOOK: FA_A001_CORP
Processing Asset: 100002226
SUCCESS
ASSET_ID100002226
BOOK: FA_A001_CORP
Processing Asset: 100002244
SUCCESS
ASSET_ID100002244
BOOK: FA_A001_CORP
Processing Asset: 100002259
SUCCESS
ASSET_ID100002259
BOOK: FA_A001_CORP
Processing Asset: 100002264
SUCCESS
ASSET_ID100002264
BOOK: FA_A001_CORP
Processing Asset: 100002265
SUCCESS
ASSET_ID100002265
BOOK: FA_A001_CORP
Processing Asset: 100002267
SUCCESS
ASSET_ID100002267
BOOK: FA_A001_CORP
Processing Asset: 100002274
SUCCESS
ASSET_ID100002274
BOOK: FA_A001_CORP
Processing Asset: 100002276
SUCCESS
ASSET_ID100002276
BOOK: FA_A001_CORP
Processing Asset: 100002277
SUCCESS
ASSET_ID100002277
BOOK: FA_A001_CORP
Processing Asset: 100002287
SUCCESS
ASSET_ID100002287
BOOK: FA_A001_CORP
Processing Asset: 100002290
SUCCESS
ASSET_ID100002290
BOOK: FA_A001_CORP
Processing Asset: 100002293
SUCCESS
ASSET_ID100002293
BOOK: FA_A001_CORP
Processing Asset: 100002294
SUCCESS
ASSET_ID100002294
BOOK: FA_A001_CORP
Processing Asset: 100002297
SUCCESS
ASSET_ID100002297
BOOK: FA_A001_CORP
Processing Asset: 100002306
SUCCESS
ASSET_ID100002306
BOOK: FA_A001_CORP
Processing Asset: 100002324
SUCCESS
ASSET_ID100002324
BOOK: FA_A001_CORP
Processing Asset: 100002326
SUCCESS
ASSET_ID100002326
BOOK: FA_A001_CORP
Processing Asset: 100002335
SUCCESS
ASSET_ID100002335
BOOK: FA_A001_CORP
Processing Asset: 100002342
SUCCESS
ASSET_ID100002342
BOOK: FA_A001_CORP
Processing Asset: 100002345
SUCCESS
ASSET_ID100002345
BOOK: FA_A001_CORP
Processing Asset: 100002348
SUCCESS
ASSET_ID100002348
BOOK: FA_A001_CORP
Processing Asset: 100002353
SUCCESS
ASSET_ID100002353
BOOK: FA_A001_CORP
Processing Asset: 100002354
SUCCESS
ASSET_ID100002354
BOOK: FA_A001_CORP
Processing Asset: 100002370
SUCCESS
ASSET_ID100002370
BOOK: FA_A001_CORP
Processing Asset: 100002372
SUCCESS
ASSET_ID100002372
BOOK: FA_A001_CORP
Processing Asset: 100002382
SUCCESS
ASSET_ID100002382
BOOK: FA_A001_CORP
Processing Asset: 100002388
SUCCESS
ASSET_ID100002388
BOOK: FA_A001_CORP
Processing Asset: 100002395
SUCCESS
ASSET_ID100002395
BOOK: FA_A001_CORP
Processing Asset: 100002404
SUCCESS
ASSET_ID100002404
BOOK: FA_A001_CORP
Processing Asset: 100002407
SUCCESS
ASSET_ID100002407
BOOK: FA_A001_CORP
Processing Asset: 100002409
SUCCESS
ASSET_ID100002409
BOOK: FA_A001_CORP
Processing Asset: 100002414
SUCCESS
ASSET_ID100002414
BOOK: FA_A001_CORP
Processing Asset: 100002417
SUCCESS
ASSET_ID100002417
BOOK: FA_A001_CORP
Processing Asset: 100002419
SUCCESS
ASSET_ID100002419
BOOK: FA_A001_CORP
Processing Asset: 100002425
SUCCESS
ASSET_ID100002425
BOOK: FA_A001_CORP
Processing Asset: 100002427
SUCCESS
ASSET_ID100002427
BOOK: FA_A001_CORP
Processing Asset: 100002429
SUCCESS
ASSET_ID100002429
BOOK: FA_A001_CORP
Processing Asset: 100002436
SUCCESS
ASSET_ID100002436
BOOK: FA_A001_CORP
Processing Asset: 100002456
SUCCESS
ASSET_ID100002456
BOOK: FA_A001_CORP
Processing Asset: 100002460
SUCCESS
ASSET_ID100002460
BOOK: FA_A001_CORP
Processing Asset: 100002461
SUCCESS
ASSET_ID100002461
BOOK: FA_A001_CORP
Processing Asset: 100002473
SUCCESS
ASSET_ID100002473
BOOK: FA_A001_CORP
Processing Asset: 100002478
SUCCESS
ASSET_ID100002478
BOOK: FA_A001_CORP
Processing Asset: 100002495
SUCCESS
ASSET_ID100002495
BOOK: FA_A001_CORP
Processing Asset: 100002500
SUCCESS
ASSET_ID100002500
BOOK: FA_A001_CORP
Processing Asset: 100002504
SUCCESS
ASSET_ID100002504
BOOK: FA_A001_CORP
Processing Asset: 100002516
SUCCESS
ASSET_ID100002516
BOOK: FA_A001_CORP
Processing Asset: 100002521
SUCCESS
ASSET_ID100002521
BOOK: FA_A001_CORP
Processing Asset: 100002535
SUCCESS
ASSET_ID100002535
BOOK: FA_A001_CORP
Processing Asset: 100002537
SUCCESS
ASSET_ID100002537
BOOK: FA_A001_CORP
Processing Asset: 100002544
SUCCESS
ASSET_ID100002544
BOOK: FA_A001_CORP
Processing Asset: 100002549
SUCCESS
ASSET_ID100002549
BOOK: FA_A001_CORP
Processing Asset: 100002561
SUCCESS
ASSET_ID100002561
BOOK: FA_A001_CORP
Processing Asset: 100002593
SUCCESS
ASSET_ID100002593
BOOK: FA_A001_CORP
Processing Asset: 100002615
SUCCESS
ASSET_ID100002615
BOOK: FA_A001_CORP
Processing Asset: 100002619
SUCCESS
ASSET_ID100002619
BOOK: FA_A001_CORP
Processing Asset: 100002622
SUCCESS
ASSET_ID100002622
BOOK: FA_A001_CORP
Processing Asset: 100002624
SUCCESS
ASSET_ID100002624
BOOK: FA_A001_CORP
Processing Asset: 100002629
SUCCESS
ASSET_ID100002629
BOOK: FA_A001_CORP
Processing Asset: 100002638
SUCCESS
ASSET_ID100002638
BOOK: FA_A001_CORP
Processing Asset: 100002647
SUCCESS
ASSET_ID100002647
BOOK: FA_A001_CORP
Processing Asset: 100002650
SUCCESS
ASSET_ID100002650
BOOK: FA_A001_CORP
Processing Asset: 100002661
SUCCESS
ASSET_ID100002661
BOOK: FA_A001_CORP
Processing Asset: 100002684
SUCCESS
ASSET_ID100002684
BOOK: FA_A001_CORP
Processing Asset: 100002687
SUCCESS
ASSET_ID100002687
BOOK: FA_A001_CORP
Processing Asset: 100002709
SUCCESS
ASSET_ID100002709
BOOK: FA_A001_CORP
Processing Asset: 100002711
SUCCESS
ASSET_ID100002711
BOOK: FA_A001_CORP
Processing Asset: 100002713
SUCCESS
ASSET_ID100002713
BOOK: FA_A001_CORP
Processing Asset: 100002717
SUCCESS
ASSET_ID100002717
BOOK: FA_A001_CORP
Processing Asset: 100002726
SUCCESS
ASSET_ID100002726
BOOK: FA_A001_CORP
Processing Asset: 100002727
SUCCESS
ASSET_ID100002727
BOOK: FA_A001_CORP
Processing Asset: 100002736
SUCCESS
ASSET_ID100002736
BOOK: FA_A001_CORP
Processing Asset: 100002744
SUCCESS
ASSET_ID100002744
BOOK: FA_A001_CORP
Processing Asset: 100002745
SUCCESS
ASSET_ID100002745
BOOK: FA_A001_CORP
Processing Asset: 100002748
SUCCESS
ASSET_ID100002748
BOOK: FA_A001_CORP
Processing Asset: 100002772
SUCCESS
ASSET_ID100002772
BOOK: FA_A001_CORP
Processing Asset: 100002781
SUCCESS
ASSET_ID100002781
BOOK: FA_A001_CORP
Processing Asset: 100002790
SUCCESS
ASSET_ID100002790
BOOK: FA_A001_CORP
Processing Asset: 100002794
SUCCESS
ASSET_ID100002794
BOOK: FA_A001_CORP
Processing Asset: 100002799
SUCCESS
ASSET_ID100002799
BOOK: FA_A001_CORP
Processing Asset: 100002804
SUCCESS
ASSET_ID100002804
BOOK: FA_A001_CORP
Processing Asset: 100002806
SUCCESS
ASSET_ID100002806
BOOK: FA_A001_CORP
Processing Asset: 100002807
SUCCESS
ASSET_ID100002807
BOOK: FA_A001_CORP
Processing Asset: 100002822
SUCCESS
ASSET_ID100002822
BOOK: FA_A001_CORP
Processing Asset: 100002835
SUCCESS
ASSET_ID100002835
BOOK: FA_A001_CORP
Processing Asset: 100002841
SUCCESS
ASSET_ID100002841
BOOK: FA_A001_CORP
Processing Asset: 100002843
SUCCESS
ASSET_ID100002843
BOOK: FA_A001_CORP
Processing Asset: 100002844
SUCCESS
ASSET_ID100002844
BOOK: FA_A001_CORP
Processing Asset: 100002859
SUCCESS
ASSET_ID100002859
BOOK: FA_A001_CORP
Processing Asset: 100002865
SUCCESS
ASSET_ID100002865
BOOK: FA_A001_CORP
Processing Asset: 100002874
SUCCESS
ASSET_ID100002874
BOOK: FA_A001_CORP
Processing Asset: 100002877
SUCCESS
ASSET_ID100002877
BOOK: FA_A001_CORP
Processing Asset: 100002879
SUCCESS
ASSET_ID100002879
BOOK: FA_A001_CORP
Processing Asset: 100002898
SUCCESS
ASSET_ID100002898
BOOK: FA_A001_CORP
Processing Asset: 100002906
SUCCESS
ASSET_ID100002906
BOOK: FA_A001_CORP
Processing Asset: 100002910
SUCCESS
ASSET_ID100002910
BOOK: FA_A001_CORP
Processing Asset: 100002939
SUCCESS
ASSET_ID100002939
BOOK: FA_A001_CORP
Processing Asset: 100002945
SUCCESS
ASSET_ID100002945
BOOK: FA_A001_CORP
Processing Asset: 100002954
SUCCESS
ASSET_ID100002954
BOOK: FA_A001_CORP
Processing Asset: 100002970
SUCCESS
ASSET_ID100002970
BOOK: FA_A001_CORP
Processing Asset: 100002985
SUCCESS
ASSET_ID100002985
BOOK: FA_A001_CORP
Processing Asset: 100002986
SUCCESS
ASSET_ID100002986
BOOK: FA_A001_CORP
Processing Asset: 100003004
SUCCESS
ASSET_ID100003004
BOOK: FA_A001_CORP
Processing Asset: 100002042
SUCCESS
ASSET_ID100002042
BOOK: FA_A001_CORP
Processing Asset: 100002044
SUCCESS
ASSET_ID100002044
BOOK: FA_A001_CORP
Processing Asset: 100002067
SUCCESS
ASSET_ID100002067
BOOK: FA_A001_CORP
Processing Asset: 100002071
SUCCESS
ASSET_ID100002071
BOOK: FA_A001_CORP
Processing Asset: 100002091
SUCCESS
ASSET_ID100002091
BOOK: FA_A001_CORP
Processing Asset: 100002104
SUCCESS
ASSET_ID100002104
BOOK: FA_A001_CORP
Processing Asset: 100002107
SUCCESS
ASSET_ID100002107
BOOK: FA_A001_CORP
Processing Asset: 100002108
SUCCESS
ASSET_ID100002108
BOOK: FA_A001_CORP
Processing Asset: 100002113
SUCCESS
ASSET_ID100002113
BOOK: FA_A001_CORP
Processing Asset: 100002116
SUCCESS
ASSET_ID100002116
BOOK: FA_A001_CORP
Processing Asset: 100002124
SUCCESS
ASSET_ID100002124
BOOK: FA_A001_CORP
Processing Asset: 100002126
SUCCESS
ASSET_ID100002126
BOOK: FA_A001_CORP
Processing Asset: 100002131
SUCCESS
ASSET_ID100002131
BOOK: FA_A001_CORP
Processing Asset: 100002138
SUCCESS
ASSET_ID100002138
BOOK: FA_A001_CORP
Processing Asset: 100002146
SUCCESS
ASSET_ID100002146
BOOK: FA_A001_CORP
Processing Asset: 100002156
SUCCESS
ASSET_ID100002156
BOOK: FA_A001_CORP
Processing Asset: 100002195
SUCCESS
ASSET_ID100002195
BOOK: FA_A001_CORP
Processing Asset: 100002201
SUCCESS
ASSET_ID100002201
BOOK: FA_A001_CORP
Processing Asset: 100002203
SUCCESS
ASSET_ID100002203
BOOK: FA_A001_CORP
Processing Asset: 100002204
SUCCESS
ASSET_ID100002204
BOOK: FA_A001_CORP
Processing Asset: 100002220
SUCCESS
ASSET_ID100002220
BOOK: FA_A001_CORP
Processing Asset: 100002229
SUCCESS
ASSET_ID100002229
BOOK: FA_A001_CORP
Processing Asset: 100002234
SUCCESS
ASSET_ID100002234
BOOK: FA_A001_CORP
Processing Asset: 100002235
SUCCESS
ASSET_ID100002235
BOOK: FA_A001_CORP
Processing Asset: 100002245
SUCCESS
ASSET_ID100002245
BOOK: FA_A001_CORP
Processing Asset: 100002250
SUCCESS
ASSET_ID100002250
BOOK: FA_A001_CORP
Processing Asset: 100002255
SUCCESS
ASSET_ID100002255
BOOK: FA_A001_CORP
Processing Asset: 100002271
SUCCESS
ASSET_ID100002271
BOOK: FA_A001_CORP
Processing Asset: 100002283
SUCCESS
ASSET_ID100002283
BOOK: FA_A001_CORP
Processing Asset: 100002303
SUCCESS
ASSET_ID100002303
BOOK: FA_A001_CORP
Processing Asset: 100002308
SUCCESS
ASSET_ID100002308
BOOK: FA_A001_CORP
Processing Asset: 100002309
SUCCESS
ASSET_ID100002309
BOOK: FA_A001_CORP
Processing Asset: 100002312
SUCCESS
ASSET_ID100002312
BOOK: FA_A001_CORP
Processing Asset: 100002316
SUCCESS
ASSET_ID100002316
BOOK: FA_A001_CORP
Processing Asset: 100002340
SUCCESS
ASSET_ID100002340
BOOK: FA_A001_CORP
Processing Asset: 100002349
SUCCESS
ASSET_ID100002349
BOOK: FA_A001_CORP
Processing Asset: 100002351
SUCCESS
ASSET_ID100002351
BOOK: FA_A001_CORP
Processing Asset: 100002352
SUCCESS
ASSET_ID100002352
BOOK: FA_A001_CORP
Processing Asset: 100002361
SUCCESS
ASSET_ID100002361
BOOK: FA_A001_CORP
Processing Asset: 100002362
SUCCESS
ASSET_ID100002362
BOOK: FA_A001_CORP
Processing Asset: 100002364
SUCCESS
ASSET_ID100002364
BOOK: FA_A001_CORP
Processing Asset: 100002387
SUCCESS
ASSET_ID100002387
BOOK: FA_A001_CORP
Processing Asset: 100002392
SUCCESS
ASSET_ID100002392
BOOK: FA_A001_CORP
Processing Asset: 100002401
SUCCESS
ASSET_ID100002401
BOOK: FA_A001_CORP
Processing Asset: 100002403
SUCCESS
ASSET_ID100002403
BOOK: FA_A001_CORP
Processing Asset: 100002410
SUCCESS
ASSET_ID100002410
BOOK: FA_A001_CORP
Processing Asset: 100002412
SUCCESS
ASSET_ID100002412
BOOK: FA_A001_CORP
Processing Asset: 100002422
SUCCESS
ASSET_ID100002422
BOOK: FA_A001_CORP
Processing Asset: 100002458
SUCCESS
ASSET_ID100002458
BOOK: FA_A001_CORP
Processing Asset: 100002466
SUCCESS
ASSET_ID100002466
BOOK: FA_A001_CORP
Processing Asset: 100002479
SUCCESS
ASSET_ID100002479
BOOK: FA_A001_CORP
Processing Asset: 100002483
SUCCESS
ASSET_ID100002483
BOOK: FA_A001_CORP
Processing Asset: 100002485
SUCCESS
ASSET_ID100002485
BOOK: FA_A001_CORP
Processing Asset: 100002488
SUCCESS
ASSET_ID100002488
BOOK: FA_A001_CORP
Processing Asset: 100002490
SUCCESS
ASSET_ID100002490
BOOK: FA_A001_CORP
Processing Asset: 100002493
SUCCESS
ASSET_ID100002493
BOOK: FA_A001_CORP
Processing Asset: 100002496
SUCCESS
ASSET_ID100002496
BOOK: FA_A001_CORP
Processing Asset: 100002501
SUCCESS
ASSET_ID100002501
BOOK: FA_A001_CORP
Processing Asset: 100002503
SUCCESS
ASSET_ID100002503
BOOK: FA_A001_CORP
Processing Asset: 100002522
SUCCESS
ASSET_ID100002522
BOOK: FA_A001_CORP
Processing Asset: 100002533
SUCCESS
ASSET_ID100002533
BOOK: FA_A001_CORP
Processing Asset: 100002538
SUCCESS
ASSET_ID100002538
BOOK: FA_A001_CORP
Processing Asset: 100002539
SUCCESS
ASSET_ID100002539
BOOK: FA_A001_CORP
Processing Asset: 100002545
SUCCESS
ASSET_ID100002545
BOOK: FA_A001_CORP
Processing Asset: 100002548
SUCCESS
ASSET_ID100002548
BOOK: FA_A001_CORP
Processing Asset: 100002556
SUCCESS
ASSET_ID100002556
BOOK: FA_A001_CORP
Processing Asset: 100002559
SUCCESS
ASSET_ID100002559
BOOK: FA_A001_CORP
Processing Asset: 100002562
SUCCESS
ASSET_ID100002562
BOOK: FA_A001_CORP
Processing Asset: 100002565
SUCCESS
ASSET_ID100002565
BOOK: FA_A001_CORP
Processing Asset: 100002591
SUCCESS
ASSET_ID100002591
BOOK: FA_A001_CORP
Processing Asset: 100002598
SUCCESS
ASSET_ID100002598
BOOK: FA_A001_CORP
Processing Asset: 100002613
SUCCESS
ASSET_ID100002613
BOOK: FA_A001_CORP
Processing Asset: 100002618
SUCCESS
ASSET_ID100002618
BOOK: FA_A001_CORP
Processing Asset: 100002625
SUCCESS
ASSET_ID100002625
BOOK: FA_A001_CORP
Processing Asset: 100002634
SUCCESS
ASSET_ID100002634
BOOK: FA_A001_CORP
Processing Asset: 100002635
SUCCESS
ASSET_ID100002635
BOOK: FA_A001_CORP
Processing Asset: 100002636
SUCCESS
ASSET_ID100002636
BOOK: FA_A001_CORP
Processing Asset: 100002637
SUCCESS
ASSET_ID100002637
BOOK: FA_A001_CORP
Processing Asset: 100002646
SUCCESS
ASSET_ID100002646
BOOK: FA_A001_CORP
Processing Asset: 100002648
SUCCESS
ASSET_ID100002648
BOOK: FA_A001_CORP
Processing Asset: 100002649
SUCCESS
ASSET_ID100002649
BOOK: FA_A001_CORP
Processing Asset: 100002658
SUCCESS
ASSET_ID100002658
BOOK: FA_A001_CORP
Processing Asset: 100002683
SUCCESS
ASSET_ID100002683
BOOK: FA_A001_CORP
Processing Asset: 100002686
SUCCESS
ASSET_ID100002686
BOOK: FA_A001_CORP
Processing Asset: 100002699
SUCCESS
ASSET_ID100002699
BOOK: FA_A001_CORP
Processing Asset: 100002701
SUCCESS
ASSET_ID100002701
BOOK: FA_A001_CORP
Processing Asset: 100002718
SUCCESS
ASSET_ID100002718
BOOK: FA_A001_CORP
Processing Asset: 100002725
SUCCESS
ASSET_ID100002725
BOOK: FA_A001_CORP
Processing Asset: 100002756
SUCCESS
ASSET_ID100002756
BOOK: FA_A001_CORP
Processing Asset: 100002767
SUCCESS
ASSET_ID100002767
BOOK: FA_A001_CORP
Processing Asset: 100002768
SUCCESS
ASSET_ID100002768
BOOK: FA_A001_CORP
Processing Asset: 100002771
SUCCESS
ASSET_ID100002771
BOOK: FA_A001_CORP
Processing Asset: 100002778
SUCCESS
ASSET_ID100002778
BOOK: FA_A001_CORP
Processing Asset: 100002783
SUCCESS
ASSET_ID100002783
BOOK: FA_A001_CORP
Processing Asset: 100002788
SUCCESS
ASSET_ID100002788
BOOK: FA_A001_CORP
Processing Asset: 100002795
SUCCESS
ASSET_ID100002795
BOOK: FA_A001_CORP
Processing Asset: 100002805
SUCCESS
ASSET_ID100002805
BOOK: FA_A001_CORP
Processing Asset: 100002824
SUCCESS
ASSET_ID100002824
BOOK: FA_A001_CORP
Processing Asset: 100002830
SUCCESS
ASSET_ID100002830
BOOK: FA_A001_CORP
Processing Asset: 100002836
SUCCESS
ASSET_ID100002836
BOOK: FA_A001_CORP
Processing Asset: 100002842
SUCCESS
ASSET_ID100002842
BOOK: FA_A001_CORP
Processing Asset: 100002847
SUCCESS
ASSET_ID100002847
BOOK: FA_A001_CORP
Processing Asset: 100002852
SUCCESS
ASSET_ID100002852
BOOK: FA_A001_CORP
Processing Asset: 100002854
SUCCESS
ASSET_ID100002854
BOOK: FA_A001_CORP
Processing Asset: 100002857
SUCCESS
ASSET_ID100002857
BOOK: FA_A001_CORP
Processing Asset: 100002861
SUCCESS
ASSET_ID100002861
BOOK: FA_A001_CORP
Processing Asset: 100002863
SUCCESS
ASSET_ID100002863
BOOK: FA_A001_CORP
Processing Asset: 100002871
SUCCESS
ASSET_ID100002871
BOOK: FA_A001_CORP
Processing Asset: 100002881
SUCCESS
ASSET_ID100002881
BOOK: FA_A001_CORP
Processing Asset: 100002886
SUCCESS
ASSET_ID100002886
BOOK: FA_A001_CORP
Processing Asset: 100002897
SUCCESS
ASSET_ID100002897
BOOK: FA_A001_CORP
Processing Asset: 100002902
SUCCESS
ASSET_ID100002902
BOOK: FA_A001_CORP
Processing Asset: 100002921
SUCCESS
ASSET_ID100002921
BOOK: FA_A001_CORP
Processing Asset: 100002927
SUCCESS
ASSET_ID100002927
BOOK: FA_A001_CORP
Processing Asset: 100002944
SUCCESS
ASSET_ID100002944
BOOK: FA_A001_CORP
Processing Asset: 100002951
SUCCESS
ASSET_ID100002951
BOOK: FA_A001_CORP
Processing Asset: 100002953
SUCCESS
ASSET_ID100002953
BOOK: FA_A001_CORP
Processing Asset: 100002955
SUCCESS
ASSET_ID100002955
BOOK: FA_A001_CORP
Processing Asset: 100002964
SUCCESS
ASSET_ID100002964
BOOK: FA_A001_CORP
Processing Asset: 100002968
SUCCESS
ASSET_ID100002968
BOOK: FA_A001_CORP
Processing Asset: 100002976
SUCCESS
ASSET_ID100002976
BOOK: FA_A001_CORP
Processing Asset: 100002977
SUCCESS
ASSET_ID100002977
BOOK: FA_A001_CORP
Processing Asset: 100002981
SUCCESS
ASSET_ID100002981
BOOK: FA_A001_CORP
Processing Asset: 100002987
SUCCESS
ASSET_ID100002987
BOOK: FA_A001_CORP
Processing Asset: 100002989
SUCCESS
ASSET_ID100002989
BOOK: FA_A001_CORP
Processing Asset: 100002994
SUCCESS
ASSET_ID100002994
BOOK: FA_A001_CORP
Processing Asset: 100003001
SUCCESS
ASSET_ID100003001
BOOK: FA_A001_CORP
Processing Asset: 100003009
SUCCESS
ASSET_ID100003009
BOOK: FA_A001_CORP
Processing Asset: 100002046
SUCCESS
ASSET_ID100002046
BOOK: FA_A001_CORP
Processing Asset: 100002052
SUCCESS
ASSET_ID100002052
BOOK: FA_A001_CORP
Processing Asset: 100002053
SUCCESS
ASSET_ID100002053
BOOK: FA_A001_CORP
Processing Asset: 100002054
SUCCESS
ASSET_ID100002054
BOOK: FA_A001_CORP
Processing Asset: 100002060
SUCCESS
ASSET_ID100002060
BOOK: FA_A001_CORP
Processing Asset: 100002068
SUCCESS
ASSET_ID100002068
BOOK: FA_A001_CORP
Processing Asset: 100002081
SUCCESS
ASSET_ID100002081
BOOK: FA_A001_CORP
Processing Asset: 100002090
SUCCESS
ASSET_ID100002090
BOOK: FA_A001_CORP
Processing Asset: 100002095
SUCCESS
ASSET_ID100002095
BOOK: FA_A001_CORP
Processing Asset: 100002112
SUCCESS
ASSET_ID100002112
BOOK: FA_A001_CORP
Processing Asset: 100002121
SUCCESS
ASSET_ID100002121
BOOK: FA_A001_CORP
Processing Asset: 100002137
SUCCESS
ASSET_ID100002137
BOOK: FA_A001_CORP
Processing Asset: 100002143
SUCCESS
ASSET_ID100002143
BOOK: FA_A001_CORP
Processing Asset: 100002152
SUCCESS
ASSET_ID100002152
BOOK: FA_A001_CORP
Processing Asset: 100002162
SUCCESS
ASSET_ID100002162
BOOK: FA_A001_CORP
Processing Asset: 100002169
SUCCESS
ASSET_ID100002169
BOOK: FA_A001_CORP
Processing Asset: 100002177
SUCCESS
ASSET_ID100002177
BOOK: FA_A001_CORP
Processing Asset: 100002182
SUCCESS
ASSET_ID100002182
BOOK: FA_A001_CORP
Processing Asset: 100002183
SUCCESS
ASSET_ID100002183
BOOK: FA_A001_CORP
Processing Asset: 100002185
SUCCESS
ASSET_ID100002185
BOOK: FA_A001_CORP
Processing Asset: 100002191
SUCCESS
ASSET_ID100002191
BOOK: FA_A001_CORP
Processing Asset: 100002196
SUCCESS
ASSET_ID100002196
BOOK: FA_A001_CORP
Processing Asset: 100002202
SUCCESS
ASSET_ID100002202
BOOK: FA_A001_CORP
Processing Asset: 100002213
SUCCESS
ASSET_ID100002213
BOOK: FA_A001_CORP
Processing Asset: 100002214
SUCCESS
ASSET_ID100002214
BOOK: FA_A001_CORP
Processing Asset: 100002237
SUCCESS
ASSET_ID100002237
BOOK: FA_A001_CORP
Processing Asset: 100002247
SUCCESS
ASSET_ID100002247
BOOK: FA_A001_CORP
Processing Asset: 100002248
SUCCESS
ASSET_ID100002248
BOOK: FA_A001_CORP
Processing Asset: 100002253
SUCCESS
ASSET_ID100002253
BOOK: FA_A001_CORP
Processing Asset: 100002257
SUCCESS
ASSET_ID100002257
BOOK: FA_A001_CORP
Processing Asset: 100002258
SUCCESS
ASSET_ID100002258
BOOK: FA_A001_CORP
Processing Asset: 100002262
SUCCESS
ASSET_ID100002262
BOOK: FA_A001_CORP
Processing Asset: 100002266
SUCCESS
ASSET_ID100002266
BOOK: FA_A001_CORP
Processing Asset: 100002268
SUCCESS
ASSET_ID100002268
BOOK: FA_A001_CORP
Processing Asset: 100002273
SUCCESS
ASSET_ID100002273
BOOK: FA_A001_CORP
Processing Asset: 100002275
SUCCESS
ASSET_ID100002275
BOOK: FA_A001_CORP
Processing Asset: 100002285
SUCCESS
ASSET_ID100002285
BOOK: FA_A001_CORP
Processing Asset: 100002295
SUCCESS
ASSET_ID100002295
BOOK: FA_A001_CORP
Processing Asset: 100002305
SUCCESS
ASSET_ID100002305
BOOK: FA_A001_CORP
Processing Asset: 100002325
SUCCESS
ASSET_ID100002325
BOOK: FA_A001_CORP
Processing Asset: 100002344
SUCCESS
ASSET_ID100002344
BOOK: FA_A001_CORP
Processing Asset: 100002356
SUCCESS
ASSET_ID100002356
BOOK: FA_A001_CORP
Processing Asset: 100002358
SUCCESS
ASSET_ID100002358
BOOK: FA_A001_CORP
Processing Asset: 100002360
SUCCESS
ASSET_ID100002360
BOOK: FA_A001_CORP
Processing Asset: 100002366
SUCCESS
ASSET_ID100002366
BOOK: FA_A001_CORP
Processing Asset: 100002368
SUCCESS
ASSET_ID100002368
BOOK: FA_A001_CORP
Processing Asset: 100002377
SUCCESS
ASSET_ID100002377
BOOK: FA_A001_CORP
Processing Asset: 100002397
SUCCESS
ASSET_ID100002397
BOOK: FA_A001_CORP
Processing Asset: 100002398
SUCCESS
ASSET_ID100002398
BOOK: FA_A001_CORP
Processing Asset: 100002400
SUCCESS
ASSET_ID100002400
BOOK: FA_A001_CORP
Processing Asset: 100002406
SUCCESS
ASSET_ID100002406
BOOK: FA_A001_CORP
Processing Asset: 100002418
SUCCESS
ASSET_ID100002418
BOOK: FA_A001_CORP
Processing Asset: 100002434
SUCCESS
ASSET_ID100002434
BOOK: FA_A001_CORP
Processing Asset: 100002444
SUCCESS
ASSET_ID100002444
BOOK: FA_A001_CORP
Processing Asset: 100002449
SUCCESS
ASSET_ID100002449
BOOK: FA_A001_CORP
Processing Asset: 100002453
SUCCESS
ASSET_ID100002453
BOOK: FA_A001_CORP
Processing Asset: 100002465
SUCCESS
ASSET_ID100002465
BOOK: FA_A001_CORP
Processing Asset: 100002467
SUCCESS
ASSET_ID100002467
BOOK: FA_A001_CORP
Processing Asset: 100002480
SUCCESS
ASSET_ID100002480
BOOK: FA_A001_CORP
Processing Asset: 100002484
SUCCESS
ASSET_ID100002484
BOOK: FA_A001_CORP
Processing Asset: 100002499
SUCCESS
ASSET_ID100002499
BOOK: FA_A001_CORP
Processing Asset: 100002502
SUCCESS
ASSET_ID100002502
BOOK: FA_A001_CORP
Processing Asset: 100002507
SUCCESS
ASSET_ID100002507
BOOK: FA_A001_CORP
Processing Asset: 100002528
SUCCESS
ASSET_ID100002528
BOOK: FA_A001_CORP
Processing Asset: 100002547
SUCCESS
ASSET_ID100002547
BOOK: FA_A001_CORP
Processing Asset: 100002553
SUCCESS
ASSET_ID100002553
BOOK: FA_A001_CORP
Processing Asset: 100002557
SUCCESS
ASSET_ID100002557
BOOK: FA_A001_CORP
Processing Asset: 100002564
SUCCESS
ASSET_ID100002564
BOOK: FA_A001_CORP
Processing Asset: 100002582
SUCCESS
ASSET_ID100002582
BOOK: FA_A001_CORP
Processing Asset: 100002587
SUCCESS
ASSET_ID100002587
BOOK: FA_A001_CORP
Processing Asset: 100002600
SUCCESS
ASSET_ID100002600
BOOK: FA_A001_CORP
Processing Asset: 100002601
SUCCESS
ASSET_ID100002601
BOOK: FA_A001_CORP
Processing Asset: 100002602
SUCCESS
ASSET_ID100002602
BOOK: FA_A001_CORP
Processing Asset: 100002616
SUCCESS
ASSET_ID100002616
BOOK: FA_A001_CORP
Processing Asset: 100002623
SUCCESS
ASSET_ID100002623
BOOK: FA_A001_CORP
Processing Asset: 100002632
SUCCESS
ASSET_ID100002632
BOOK: FA_A001_CORP
Processing Asset: 100002633
SUCCESS
ASSET_ID100002633
BOOK: FA_A001_CORP
Processing Asset: 100002640
SUCCESS
ASSET_ID100002640
BOOK: FA_A001_CORP
Processing Asset: 100002642
SUCCESS
ASSET_ID100002642
BOOK: FA_A001_CORP
Processing Asset: 100002643
SUCCESS
ASSET_ID100002643
BOOK: FA_A001_CORP
Processing Asset: 100002653
SUCCESS
ASSET_ID100002653
BOOK: FA_A001_CORP
Processing Asset: 100002662
SUCCESS
ASSET_ID100002662
BOOK: FA_A001_CORP
Processing Asset: 100002663
SUCCESS
ASSET_ID100002663
BOOK: FA_A001_CORP
Processing Asset: 100002666
SUCCESS
ASSET_ID100002666
BOOK: FA_A001_CORP
Processing Asset: 100002691
SUCCESS
ASSET_ID100002691
BOOK: FA_A001_CORP
Processing Asset: 100002692
SUCCESS
ASSET_ID100002692
BOOK: FA_A001_CORP
Processing Asset: 100002694
SUCCESS
ASSET_ID100002694
BOOK: FA_A001_CORP
Processing Asset: 100002696
SUCCESS
ASSET_ID100002696
BOOK: FA_A001_CORP
Processing Asset: 100002702
SUCCESS
ASSET_ID100002702
BOOK: FA_A001_CORP
Processing Asset: 100002703
SUCCESS
ASSET_ID100002703
BOOK: FA_A001_CORP
Processing Asset: 100002704
SUCCESS
ASSET_ID100002704
BOOK: FA_A001_CORP
Processing Asset: 100002708
SUCCESS
ASSET_ID100002708
BOOK: FA_A001_CORP
Processing Asset: 100002728
SUCCESS
ASSET_ID100002728
BOOK: FA_A001_CORP
Processing Asset: 100002735
SUCCESS
ASSET_ID100002735
BOOK: FA_A001_CORP
Processing Asset: 100002741
SUCCESS
ASSET_ID100002741
BOOK: FA_A001_CORP
Processing Asset: 100002742
SUCCESS
ASSET_ID100002742
BOOK: FA_A001_CORP
Processing Asset: 100002752
SUCCESS
ASSET_ID100002752
BOOK: FA_A001_CORP
Processing Asset: 100002754
SUCCESS
ASSET_ID100002754
BOOK: FA_A001_CORP
Processing Asset: 100002755
SUCCESS
ASSET_ID100002755
BOOK: FA_A001_CORP
Processing Asset: 100002763
SUCCESS
ASSET_ID100002763
BOOK: FA_A001_CORP
Processing Asset: 100002769
SUCCESS
ASSET_ID100002769
BOOK: FA_A001_CORP
Processing Asset: 100002770
SUCCESS
ASSET_ID100002770
BOOK: FA_A001_CORP
Processing Asset: 100002780
SUCCESS
ASSET_ID100002780
BOOK: FA_A001_CORP
Processing Asset: 100002787
SUCCESS
ASSET_ID100002787
BOOK: FA_A001_CORP
Processing Asset: 100002801
SUCCESS
ASSET_ID100002801
BOOK: FA_A001_CORP
Processing Asset: 100002816
SUCCESS
ASSET_ID100002816
BOOK: FA_A001_CORP
Processing Asset: 100002826
SUCCESS
ASSET_ID100002826
BOOK: FA_A001_CORP
Processing Asset: 100002828
SUCCESS
ASSET_ID100002828
BOOK: FA_A001_CORP
Processing Asset: 100002837
SUCCESS
ASSET_ID100002837
BOOK: FA_A001_CORP
Processing Asset: 100002851
SUCCESS
ASSET_ID100002851
BOOK: FA_A001_CORP
Processing Asset: 100002866
SUCCESS
ASSET_ID100002866
BOOK: FA_A001_CORP
Processing Asset: 100002884
SUCCESS
ASSET_ID100002884
BOOK: FA_A001_CORP
Processing Asset: 100002899
SUCCESS
ASSET_ID100002899
BOOK: FA_A001_CORP
Processing Asset: 100002901
SUCCESS
ASSET_ID100002901
BOOK: FA_A001_CORP
Processing Asset: 100002912
SUCCESS
ASSET_ID100002912
BOOK: FA_A001_CORP
Processing Asset: 100002915
SUCCESS
ASSET_ID100002915
BOOK: FA_A001_CORP
Processing Asset: 100002918
SUCCESS
ASSET_ID100002918
BOOK: FA_A001_CORP
Processing Asset: 100002929
SUCCESS
ASSET_ID100002929
BOOK: FA_A001_CORP
Processing Asset: 100002931
SUCCESS
ASSET_ID100002931
BOOK: FA_A001_CORP
Processing Asset: 100002941
SUCCESS
ASSET_ID100002941
BOOK: FA_A001_CORP
Processing Asset: 100002943
SUCCESS
ASSET_ID100002943
BOOK: FA_A001_CORP
Processing Asset: 100002949
SUCCESS
ASSET_ID100002949
BOOK: FA_A001_CORP
Processing Asset: 100002952
SUCCESS
ASSET_ID100002952
BOOK: FA_A001_CORP
Processing Asset: 100002963
SUCCESS
ASSET_ID100002963
BOOK: FA_A001_CORP
Processing Asset: 100002978
SUCCESS
ASSET_ID100002978
BOOK: FA_A001_CORP
Processing Asset: 100003006
SUCCESS
ASSET_ID100003006
BOOK: FA_A001_CORP
Processing Asset: 100003007
SUCCESS
ASSET_ID100003007
BOOK: FA_A001_CORP
Processing Asset: 100002048
SUCCESS
ASSET_ID100002048
BOOK: FA_A001_CORP
Processing Asset: 100002055
SUCCESS
ASSET_ID100002055
BOOK: FA_A001_CORP
Processing Asset: 100002066
SUCCESS
ASSET_ID100002066
BOOK: FA_A001_CORP
Processing Asset: 100002094
SUCCESS
ASSET_ID100002094
BOOK: FA_A001_CORP
Processing Asset: 100002110
SUCCESS
ASSET_ID100002110
BOOK: FA_A001_CORP
Processing Asset: 100002120
SUCCESS
ASSET_ID100002120
BOOK: FA_A001_CORP
Processing Asset: 100002139
SUCCESS
ASSET_ID100002139
BOOK: FA_A001_CORP
Processing Asset: 100002151
SUCCESS
ASSET_ID100002151
BOOK: FA_A001_CORP
Processing Asset: 100002153
SUCCESS
ASSET_ID100002153
BOOK: FA_A001_CORP
Processing Asset: 100002164
SUCCESS
ASSET_ID100002164
BOOK: FA_A001_CORP
Processing Asset: 100002172
SUCCESS
ASSET_ID100002172
BOOK: FA_A001_CORP
Processing Asset: 100002179
SUCCESS
ASSET_ID100002179
BOOK: FA_A001_CORP
Processing Asset: 100002186
SUCCESS
ASSET_ID100002186
BOOK: FA_A001_CORP
Processing Asset: 100002189
SUCCESS
ASSET_ID100002189
BOOK: FA_A001_CORP
Processing Asset: 100002192
SUCCESS
ASSET_ID100002192
BOOK: FA_A001_CORP
Processing Asset: 100002207
SUCCESS
ASSET_ID100002207
BOOK: FA_A001_CORP
Processing Asset: 100002216
SUCCESS
ASSET_ID100002216
BOOK: FA_A001_CORP
Processing Asset: 100002217
SUCCESS
ASSET_ID100002217
BOOK: FA_A001_CORP
Processing Asset: 100002227
SUCCESS
ASSET_ID100002227
BOOK: FA_A001_CORP
Processing Asset: 100002228
SUCCESS
ASSET_ID100002228
BOOK: FA_A001_CORP
Processing Asset: 100002232
SUCCESS
ASSET_ID100002232
BOOK: FA_A001_CORP
Processing Asset: 100002238
SUCCESS
ASSET_ID100002238
BOOK: FA_A001_CORP
Processing Asset: 100002246
SUCCESS
ASSET_ID100002246
BOOK: FA_A001_CORP
Processing Asset: 100002249
SUCCESS
ASSET_ID100002249
BOOK: FA_A001_CORP
Processing Asset: 100002252
SUCCESS
ASSET_ID100002252
BOOK: FA_A001_CORP
Processing Asset: 100002254
SUCCESS
ASSET_ID100002254
BOOK: FA_A001_CORP
Processing Asset: 100002261
SUCCESS
ASSET_ID100002261
BOOK: FA_A001_CORP
Processing Asset: 100002272
SUCCESS
ASSET_ID100002272
BOOK: FA_A001_CORP
Processing Asset: 100002278
SUCCESS
ASSET_ID100002278
BOOK: FA_A001_CORP
Processing Asset: 100002286
SUCCESS
ASSET_ID100002286
BOOK: FA_A001_CORP
Processing Asset: 100002298
SUCCESS
ASSET_ID100002298
BOOK: FA_A001_CORP
Processing Asset: 100002313
SUCCESS
ASSET_ID100002313
BOOK: FA_A001_CORP
Processing Asset: 100002329
SUCCESS
ASSET_ID100002329
BOOK: FA_A001_CORP
Processing Asset: 100002333
SUCCESS
ASSET_ID100002333
BOOK: FA_A001_CORP
Processing Asset: 100002336
SUCCESS
ASSET_ID100002336
BOOK: FA_A001_CORP
Processing Asset: 100002338
SUCCESS
ASSET_ID100002338
BOOK: FA_A001_CORP
Processing Asset: 100002341
SUCCESS
ASSET_ID100002341
BOOK: FA_A001_CORP
Processing Asset: 100002355
SUCCESS
ASSET_ID100002355
BOOK: FA_A001_CORP
Processing Asset: 100002359
SUCCESS
ASSET_ID100002359
BOOK: FA_A001_CORP
Processing Asset: 100002374
SUCCESS
ASSET_ID100002374
BOOK: FA_A001_CORP
Processing Asset: 100002385
SUCCESS
ASSET_ID100002385
BOOK: FA_A001_CORP
Processing Asset: 100002394
SUCCESS
ASSET_ID100002394
BOOK: FA_A001_CORP
Processing Asset: 100002405
SUCCESS
ASSET_ID100002405
BOOK: FA_A001_CORP
Processing Asset: 100002411
SUCCESS
ASSET_ID100002411
BOOK: FA_A001_CORP
Processing Asset: 100002420
SUCCESS
ASSET_ID100002420
BOOK: FA_A001_CORP
Processing Asset: 100002424
SUCCESS
ASSET_ID100002424
BOOK: FA_A001_CORP
Processing Asset: 100002441
SUCCESS
ASSET_ID100002441
BOOK: FA_A001_CORP
Processing Asset: 100002443
SUCCESS
ASSET_ID100002443
BOOK: FA_A001_CORP
Processing Asset: 100002450
SUCCESS
ASSET_ID100002450
BOOK: FA_A001_CORP
Processing Asset: 100002452
SUCCESS
ASSET_ID100002452
BOOK: FA_A001_CORP
Processing Asset: 100002470
SUCCESS
ASSET_ID100002470
BOOK: FA_A001_CORP
Processing Asset: 100002472
SUCCESS
ASSET_ID100002472
BOOK: FA_A001_CORP
Processing Asset: 100002474
SUCCESS
ASSET_ID100002474
BOOK: FA_A001_CORP
Processing Asset: 100002494
SUCCESS
ASSET_ID100002494
BOOK: FA_A001_CORP
Processing Asset: 100002505
SUCCESS
ASSET_ID100002505
BOOK: FA_A001_CORP
Processing Asset: 100002520
SUCCESS
ASSET_ID100002520
BOOK: FA_A001_CORP
Processing Asset: 100002525
SUCCESS
ASSET_ID100002525
BOOK: FA_A001_CORP
Processing Asset: 100002532
SUCCESS
ASSET_ID100002532
BOOK: FA_A001_CORP
Processing Asset: 100002540
SUCCESS
ASSET_ID100002540
BOOK: FA_A001_CORP
Processing Asset: 100002541
SUCCESS
ASSET_ID100002541
BOOK: FA_A001_CORP
Processing Asset: 100002554
SUCCESS
ASSET_ID100002554
BOOK: FA_A001_CORP
Processing Asset: 100002560
SUCCESS
ASSET_ID100002560
BOOK: FA_A001_CORP
Processing Asset: 100002563
SUCCESS
ASSET_ID100002563
BOOK: FA_A001_CORP
Processing Asset: 100002580
SUCCESS
ASSET_ID100002580
BOOK: FA_A001_CORP
Processing Asset: 100002581
SUCCESS
ASSET_ID100002581
BOOK: FA_A001_CORP
Processing Asset: 100002584
SUCCESS
ASSET_ID100002584
BOOK: FA_A001_CORP
Processing Asset: 100002594
SUCCESS
ASSET_ID100002594
BOOK: FA_A001_CORP
Processing Asset: 100002607
SUCCESS
ASSET_ID100002607
BOOK: FA_A001_CORP
Processing Asset: 100002608
SUCCESS
ASSET_ID100002608
BOOK: FA_A001_CORP
Processing Asset: 100002609
SUCCESS
ASSET_ID100002609
BOOK: FA_A001_CORP
Processing Asset: 100002614
SUCCESS
ASSET_ID100002614
BOOK: FA_A001_CORP
Processing Asset: 100002628
SUCCESS
ASSET_ID100002628
BOOK: FA_A001_CORP
Processing Asset: 100002667
SUCCESS
ASSET_ID100002667
BOOK: FA_A001_CORP
Processing Asset: 100002672
SUCCESS
ASSET_ID100002672
BOOK: FA_A001_CORP
Processing Asset: 100002678
SUCCESS
ASSET_ID100002678
BOOK: FA_A001_CORP
Processing Asset: 100002679
SUCCESS
ASSET_ID100002679
BOOK: FA_A001_CORP
Processing Asset: 100002680
SUCCESS
ASSET_ID100002680
BOOK: FA_A001_CORP
Processing Asset: 100002689
SUCCESS
ASSET_ID100002689
BOOK: FA_A001_CORP
Processing Asset: 100002690
SUCCESS
ASSET_ID100002690
BOOK: FA_A001_CORP
Processing Asset: 100002695
SUCCESS
ASSET_ID100002695
BOOK: FA_A001_CORP
Processing Asset: 100002698
SUCCESS
ASSET_ID100002698
BOOK: FA_A001_CORP
Processing Asset: 100002700
SUCCESS
ASSET_ID100002700
BOOK: FA_A001_CORP
Processing Asset: 100002716
SUCCESS
ASSET_ID100002716
BOOK: FA_A001_CORP
Processing Asset: 100002722
SUCCESS
ASSET_ID100002722
BOOK: FA_A001_CORP
Processing Asset: 100002724
SUCCESS
ASSET_ID100002724
BOOK: FA_A001_CORP
Processing Asset: 100002749
SUCCESS
ASSET_ID100002749
BOOK: FA_A001_CORP
Processing Asset: 100002750
SUCCESS
ASSET_ID100002750
BOOK: FA_A001_CORP
Processing Asset: 100002751
SUCCESS
ASSET_ID100002751
BOOK: FA_A001_CORP
Processing Asset: 100002758
SUCCESS
ASSET_ID100002758
BOOK: FA_A001_CORP
Processing Asset: 100002760
SUCCESS
ASSET_ID100002760
BOOK: FA_A001_CORP
Processing Asset: 100002761
SUCCESS
ASSET_ID100002761
BOOK: FA_A001_CORP
Processing Asset: 100002764
SUCCESS
ASSET_ID100002764
BOOK: FA_A001_CORP
Processing Asset: 100002779
SUCCESS
ASSET_ID100002779
BOOK: FA_A001_CORP
Processing Asset: 100002782
SUCCESS
ASSET_ID100002782
BOOK: FA_A001_CORP
Processing Asset: 100002785
SUCCESS
ASSET_ID100002785
BOOK: FA_A001_CORP
Processing Asset: 100002786
SUCCESS
ASSET_ID100002786
BOOK: FA_A001_CORP
Processing Asset: 100002796
SUCCESS
ASSET_ID100002796
BOOK: FA_A001_CORP
Processing Asset: 100002812
SUCCESS
ASSET_ID100002812
BOOK: FA_A001_CORP
Processing Asset: 100002825
SUCCESS
ASSET_ID100002825
BOOK: FA_A001_CORP
Processing Asset: 100002831
SUCCESS
ASSET_ID100002831
BOOK: FA_A001_CORP
Processing Asset: 100002848
SUCCESS
ASSET_ID100002848
BOOK: FA_A001_CORP
Processing Asset: 100002862
SUCCESS
ASSET_ID100002862
BOOK: FA_A001_CORP
Processing Asset: 100002875
SUCCESS
ASSET_ID100002875
BOOK: FA_A001_CORP
Processing Asset: 100002878
SUCCESS
ASSET_ID100002878
BOOK: FA_A001_CORP
Processing Asset: 100002880
SUCCESS
ASSET_ID100002880
BOOK: FA_A001_CORP
Processing Asset: 100002900
SUCCESS
ASSET_ID100002900
BOOK: FA_A001_CORP
Processing Asset: 100002913
SUCCESS
ASSET_ID100002913
BOOK: FA_A001_CORP
Processing Asset: 100002926
SUCCESS
ASSET_ID100002926
BOOK: FA_A001_CORP
Processing Asset: 100002932
SUCCESS
ASSET_ID100002932
BOOK: FA_A001_CORP
Processing Asset: 100002942
SUCCESS
ASSET_ID100002942
BOOK: FA_A001_CORP
Processing Asset: 100002946
SUCCESS
ASSET_ID100002946
BOOK: FA_A001_CORP
Processing Asset: 100002956
SUCCESS
ASSET_ID100002956
BOOK: FA_A001_CORP
Processing Asset: 100002962
SUCCESS
ASSET_ID100002962
BOOK: FA_A001_CORP
Processing Asset: 100002965
SUCCESS
ASSET_ID100002965
BOOK: FA_A001_CORP
Processing Asset: 100002975
SUCCESS
ASSET_ID100002975
BOOK: FA_A001_CORP
Processing Asset: 100002992
SUCCESS
ASSET_ID100002992
BOOK: FA_A001_CORP
Processing Asset: 100002997
SUCCESS
ASSET_ID100002997
BOOK: FA_A001_CORP
Processing Asset: 100002998
SUCCESS
ASSET_ID100002998
BOOK: FA_A001_CORP
Processing Asset: 100002999
SUCCESS
ASSET_ID100002999
BOOK: FA_A001_CORP
Processing Asset: 100003003
SUCCESS
ASSET_ID100003003
BOOK: FA_A001_CORP
Processing Asset: 100003008
SUCCESS
ASSET_ID100003008
BOOK: FA_A001_CORP
Processing Asset: 100002049
SUCCESS
ASSET_ID100002049
BOOK: FA_A001_CORP
Processing Asset: 100002050
SUCCESS
ASSET_ID100002050
BOOK: FA_A001_CORP
Processing Asset: 100002058
SUCCESS
ASSET_ID100002058
BOOK: FA_A001_CORP
Processing Asset: 100002061
SUCCESS
ASSET_ID100002061
BOOK: FA_A001_CORP
Processing Asset: 100002086
SUCCESS
ASSET_ID100002086
BOOK: FA_A001_CORP
Processing Asset: 100002089
SUCCESS
ASSET_ID100002089
BOOK: FA_A001_CORP
Processing Asset: 100002092
SUCCESS
ASSET_ID100002092
BOOK: FA_A001_CORP
Processing Asset: 100002093
SUCCESS
ASSET_ID100002093
BOOK: FA_A001_CORP
Processing Asset: 100002096
SUCCESS
ASSET_ID100002096
BOOK: FA_A001_CORP
Processing Asset: 100002105
SUCCESS
ASSET_ID100002105
BOOK: FA_A001_CORP
Processing Asset: 100002117
SUCCESS
ASSET_ID100002117
BOOK: FA_A001_CORP
Processing Asset: 100002123
SUCCESS
ASSET_ID100002123
BOOK: FA_A001_CORP
Processing Asset: 100002128
SUCCESS
ASSET_ID100002128
BOOK: FA_A001_CORP
Processing Asset: 100002141
SUCCESS
ASSET_ID100002141
BOOK: FA_A001_CORP
Processing Asset: 100002145
SUCCESS
ASSET_ID100002145
BOOK: FA_A001_CORP
Processing Asset: 100002165
SUCCESS
ASSET_ID100002165
BOOK: FA_A001_CORP
Processing Asset: 100002173
SUCCESS
ASSET_ID100002173
BOOK: FA_A001_CORP
Processing Asset: 100002178
SUCCESS
ASSET_ID100002178
BOOK: FA_A001_CORP
Processing Asset: 100002188
SUCCESS
ASSET_ID100002188
BOOK: FA_A001_CORP
Processing Asset: 100002197
SUCCESS
ASSET_ID100002197
BOOK: FA_A001_CORP
Processing Asset: 100002198
SUCCESS
ASSET_ID100002198
BOOK: FA_A001_CORP
Processing Asset: 100002200
SUCCESS
ASSET_ID100002200
BOOK: FA_A001_CORP
Processing Asset: 100002215
SUCCESS
ASSET_ID100002215
BOOK: FA_A001_CORP
Processing Asset: 100002221
SUCCESS
ASSET_ID100002221
BOOK: FA_A001_CORP
Processing Asset: 100002223
SUCCESS
ASSET_ID100002223
BOOK: FA_A001_CORP
Processing Asset: 100002224
SUCCESS
ASSET_ID100002224
BOOK: FA_A001_CORP
Processing Asset: 100002230
SUCCESS
ASSET_ID100002230
BOOK: FA_A001_CORP
Processing Asset: 100002233
SUCCESS
ASSET_ID100002233
BOOK: FA_A001_CORP
Processing Asset: 100002236
SUCCESS
ASSET_ID100002236
BOOK: FA_A001_CORP
Processing Asset: 100002270
SUCCESS
ASSET_ID100002270
BOOK: FA_A001_CORP
Processing Asset: 100002288
SUCCESS
ASSET_ID100002288
BOOK: FA_A001_CORP
Processing Asset: 100002296
SUCCESS
ASSET_ID100002296
BOOK: FA_A001_CORP
Processing Asset: 100002311
SUCCESS
ASSET_ID100002311
BOOK: FA_A001_CORP
Processing Asset: 100002327
SUCCESS
ASSET_ID100002327
BOOK: FA_A001_CORP
Processing Asset: 100002332
SUCCESS
ASSET_ID100002332
BOOK: FA_A001_CORP
Processing Asset: 100002339
SUCCESS
ASSET_ID100002339
BOOK: FA_A001_CORP
Processing Asset: 100002347
SUCCESS
ASSET_ID100002347
BOOK: FA_A001_CORP
Processing Asset: 100002371
SUCCESS
ASSET_ID100002371
BOOK: FA_A001_CORP
Processing Asset: 100002378
SUCCESS
ASSET_ID100002378
BOOK: FA_A001_CORP
Processing Asset: 100002381
SUCCESS
ASSET_ID100002381
BOOK: FA_A001_CORP
Processing Asset: 100002390
SUCCESS
ASSET_ID100002390
BOOK: FA_A001_CORP
Processing Asset: 100002393
SUCCESS
ASSET_ID100002393
BOOK: FA_A001_CORP
Processing Asset: 100002396
SUCCESS
ASSET_ID100002396
BOOK: FA_A001_CORP
Processing Asset: 100002399
SUCCESS
ASSET_ID100002399
BOOK: FA_A001_CORP
Processing Asset: 100002415
SUCCESS
ASSET_ID100002415
BOOK: FA_A001_CORP
Processing Asset: 100002416
SUCCESS
ASSET_ID100002416
BOOK: FA_A001_CORP
Processing Asset: 100002426
SUCCESS
ASSET_ID100002426
BOOK: FA_A001_CORP
Processing Asset: 100002438
SUCCESS
ASSET_ID100002438
BOOK: FA_A001_CORP
Processing Asset: 100002448
SUCCESS
ASSET_ID100002448
BOOK: FA_A001_CORP
Processing Asset: 100002455
SUCCESS
ASSET_ID100002455
BOOK: FA_A001_CORP
Processing Asset: 100002471
SUCCESS
ASSET_ID100002471
BOOK: FA_A001_CORP
Processing Asset: 100002475
SUCCESS
ASSET_ID100002475
BOOK: FA_A001_CORP
Processing Asset: 100002489
SUCCESS
ASSET_ID100002489
BOOK: FA_A001_CORP
Processing Asset: 100002497
SUCCESS
ASSET_ID100002497
BOOK: FA_A001_CORP
Processing Asset: 100002508
SUCCESS
ASSET_ID100002508
BOOK: FA_A001_CORP
Processing Asset: 100002511
SUCCESS
ASSET_ID100002511
BOOK: FA_A001_CORP
Processing Asset: 100002513
SUCCESS
ASSET_ID100002513
BOOK: FA_A001_CORP
Processing Asset: 100002515
SUCCESS
ASSET_ID100002515
BOOK: FA_A001_CORP
Processing Asset: 100002519
SUCCESS
ASSET_ID100002519
BOOK: FA_A001_CORP
Processing Asset: 100002526
SUCCESS
ASSET_ID100002526
BOOK: FA_A001_CORP
Processing Asset: 100002527
SUCCESS
ASSET_ID100002527
BOOK: FA_A001_CORP
Processing Asset: 100002529
SUCCESS
ASSET_ID100002529
BOOK: FA_A001_CORP
Processing Asset: 100002530
SUCCESS
ASSET_ID100002530
BOOK: FA_A001_CORP
Processing Asset: 100002531
SUCCESS
ASSET_ID100002531
BOOK: FA_A001_CORP
Processing Asset: 100002543
SUCCESS
ASSET_ID100002543
BOOK: FA_A001_CORP
Processing Asset: 100002546
SUCCESS
ASSET_ID100002546
BOOK: FA_A001_CORP
Processing Asset: 100002566
SUCCESS
ASSET_ID100002566
BOOK: FA_A001_CORP
Processing Asset: 100002568
SUCCESS
ASSET_ID100002568
BOOK: FA_A001_CORP
Processing Asset: 100002583
SUCCESS
ASSET_ID100002583
BOOK: FA_A001_CORP
Processing Asset: 100002588
SUCCESS
ASSET_ID100002588
BOOK: FA_A001_CORP
Processing Asset: 100002589
SUCCESS
ASSET_ID100002589
BOOK: FA_A001_CORP
Processing Asset: 100002590
SUCCESS
ASSET_ID100002590
BOOK: FA_A001_CORP
Processing Asset: 100002595
SUCCESS
ASSET_ID100002595
BOOK: FA_A001_CORP
Processing Asset: 100002597
SUCCESS
ASSET_ID100002597
BOOK: FA_A001_CORP
Processing Asset: 100002620
SUCCESS
ASSET_ID100002620
BOOK: FA_A001_CORP
Processing Asset: 100002626
SUCCESS
ASSET_ID100002626
BOOK: FA_A001_CORP
Processing Asset: 100002652
SUCCESS
ASSET_ID100002652
BOOK: FA_A001_CORP
Processing Asset: 100002656
SUCCESS
ASSET_ID100002656
BOOK: FA_A001_CORP
Processing Asset: 100002659
SUCCESS
ASSET_ID100002659
BOOK: FA_A001_CORP
Processing Asset: 100002664
SUCCESS
ASSET_ID100002664
BOOK: FA_A001_CORP
Processing Asset: 100002665
SUCCESS
ASSET_ID100002665
BOOK: FA_A001_CORP
Processing Asset: 100002682
SUCCESS
ASSET_ID100002682
BOOK: FA_A001_CORP
Processing Asset: 100002688
SUCCESS
ASSET_ID100002688
BOOK: FA_A001_CORP
Processing Asset: 100002693
SUCCESS
ASSET_ID100002693
BOOK: FA_A001_CORP
Processing Asset: 100002697
SUCCESS
ASSET_ID100002697
BOOK: FA_A001_CORP
Processing Asset: 100002719
SUCCESS
ASSET_ID100002719
BOOK: FA_A001_CORP
Processing Asset: 100002720
SUCCESS
ASSET_ID100002720
BOOK: FA_A001_CORP
Processing Asset: 100002721
SUCCESS
ASSET_ID100002721
BOOK: FA_A001_CORP
Processing Asset: 100002731
SUCCESS
ASSET_ID100002731
BOOK: FA_A001_CORP
Processing Asset: 100002733
SUCCESS
ASSET_ID100002733
BOOK: FA_A001_CORP
Processing Asset: 100002757
SUCCESS
ASSET_ID100002757
BOOK: FA_A001_CORP
Processing Asset: 100002765
SUCCESS
ASSET_ID100002765
BOOK: FA_A001_CORP
Processing Asset: 100002773
SUCCESS
ASSET_ID100002773
BOOK: FA_A001_CORP
Processing Asset: 100002775
SUCCESS
ASSET_ID100002775
BOOK: FA_A001_CORP
Processing Asset: 100002797
SUCCESS
ASSET_ID100002797
BOOK: FA_A001_CORP
Processing Asset: 100002800
SUCCESS
ASSET_ID100002800
BOOK: FA_A001_CORP
Processing Asset: 100002809
SUCCESS
ASSET_ID100002809
BOOK: FA_A001_CORP
Processing Asset: 100002811
SUCCESS
ASSET_ID100002811
BOOK: FA_A001_CORP
Processing Asset: 100002817
SUCCESS
ASSET_ID100002817
BOOK: FA_A001_CORP
Processing Asset: 100002823
SUCCESS
ASSET_ID100002823
BOOK: FA_A001_CORP
Processing Asset: 100002829
SUCCESS
ASSET_ID100002829
BOOK: FA_A001_CORP
Processing Asset: 100002832
SUCCESS
ASSET_ID100002832
BOOK: FA_A001_CORP
Processing Asset: 100002834
SUCCESS
ASSET_ID100002834
BOOK: FA_A001_CORP
Processing Asset: 100002867
SUCCESS
ASSET_ID100002867
BOOK: FA_A001_CORP
Processing Asset: 100002869
SUCCESS
ASSET_ID100002869
BOOK: FA_A001_CORP
Processing Asset: 100002882
SUCCESS
ASSET_ID100002882
BOOK: FA_A001_CORP
Processing Asset: 100002917
SUCCESS
ASSET_ID100002917
BOOK: FA_A001_CORP
Processing Asset: 100002922
SUCCESS
ASSET_ID100002922
BOOK: FA_A001_CORP
Processing Asset: 100002924
SUCCESS
ASSET_ID100002924
BOOK: FA_A001_CORP
Processing Asset: 100002925
SUCCESS
ASSET_ID100002925
BOOK: FA_A001_CORP
Processing Asset: 100002938
SUCCESS
ASSET_ID100002938
BOOK: FA_A001_CORP
Processing Asset: 100002974
SUCCESS
ASSET_ID100002974
BOOK: FA_A001_CORP
Processing Asset: 100002979
SUCCESS
ASSET_ID100002979
BOOK: FA_A001_CORP
Processing Asset: 100002980
SUCCESS
ASSET_ID100002980
BOOK: FA_A001_CORP
Processing Asset: 100002982
SUCCESS
ASSET_ID100002982
BOOK: FA_A001_CORP
Processing Asset: 100002983
SUCCESS
ASSET_ID100002983
BOOK: FA_A001_CORP
Processing Asset: 100002984
SUCCESS
ASSET_ID100002984
BOOK: FA_A001_CORP
Processing Asset: 100002988
SUCCESS
ASSET_ID100002988
BOOK: FA_A001_CORP
Processing Asset: 100002991
SUCCESS
ASSET_ID100002991
BOOK: FA_A001_CORP
Processing Asset: 100002995
SUCCESS
ASSET_ID100002995
BOOK: FA_A001_CORP
Processing Asset: 100003002
SUCCESS
ASSET_ID100003002
BOOK: FA_A001_CORP

PL/SQL procedure successfully completed


Commit complete

